<?xml version="1.0" encoding="UTF-8"?>
<coverage generated="1772257289550" clover="3.2.0">
  <project timestamp="1772257289551" name="All files">
    <metrics statements="645" coveredstatements="549" conditionals="313" coveredconditionals="240" methods="200" coveredmethods="167" elements="1158" coveredelements="956" complexity="0" loc="645" ncloc="645" packages="14" files="15" classes="15"/>
    <package name="src">
      <metrics statements="1" coveredstatements="1" conditionals="0" coveredconditionals="0" methods="1" coveredmethods="1"/>
      <file name="App.jsx" path="/Users/poyuchen/Documents/Developer/games-kids-playground/src/App.jsx">
        <metrics statements="1" coveredstatements="1" conditionals="0" coveredconditionals="0" methods="1" coveredmethods="1"/>
        <line num="13" count="9" type="stmt"/>
      </file>
    </package>
    <package name="src.components.BackButton">
      <metrics statements="3" coveredstatements="3" conditionals="0" coveredconditionals="0" methods="2" coveredmethods="2"/>
      <file name="BackButton.jsx" path="/Users/poyuchen/Documents/Developer/games-kids-playground/src/components/BackButton/BackButton.jsx">
        <metrics statements="3" coveredstatements="3" conditionals="0" coveredconditionals="0" methods="2" coveredmethods="2"/>
        <line num="5" count="326" type="stmt"/>
        <line num="7" count="326" type="stmt"/>
        <line num="10" count="1" type="stmt"/>
      </file>
    </package>
    <package name="src.components.StarScore">
      <metrics statements="2" coveredstatements="2" conditionals="4" coveredconditionals="4" methods="2" coveredmethods="2"/>
      <file name="StarScore.jsx" path="/Users/poyuchen/Documents/Developer/games-kids-playground/src/components/StarScore/StarScore.jsx">
        <metrics statements="2" coveredstatements="2" conditionals="4" coveredconditionals="4" methods="2" coveredmethods="2"/>
        <line num="4" count="6" type="stmt"/>
        <line num="9" count="18" type="cond" truecount="2" falsecount="0"/>
      </file>
    </package>
    <package name="src.components.WinModal">
      <metrics statements="15" coveredstatements="15" conditionals="12" coveredconditionals="11" methods="4" coveredmethods="4"/>
      <file name="WinModal.jsx" path="/Users/poyuchen/Documents/Developer/games-kids-playground/src/components/WinModal/WinModal.jsx">
        <metrics statements="15" coveredstatements="15" conditionals="12" coveredconditionals="11" methods="4" coveredmethods="4"/>
        <line num="6" count="291" type="stmt"/>
        <line num="8" count="291" type="stmt"/>
        <line num="9" count="83" type="cond" truecount="2" falsecount="0"/>
        <line num="10" count="15" type="stmt"/>
        <line num="12" count="15" type="stmt"/>
        <line num="13" count="15" type="stmt"/>
        <line num="14" count="15" type="stmt"/>
        <line num="15" count="271" type="stmt"/>
        <line num="22" count="271" type="stmt"/>
        <line num="29" count="271" type="cond" truecount="1" falsecount="1"/>
        <line num="31" count="15" type="stmt"/>
        <line num="33" count="68" type="stmt"/>
        <line num="37" count="291" type="cond" truecount="2" falsecount="0"/>
        <line num="39" count="17" type="stmt"/>
        <line num="46" count="51" type="cond" truecount="2" falsecount="0"/>
      </file>
    </package>
    <package name="src.games.ABCLearn">
      <metrics statements="121" coveredstatements="99" conditionals="52" coveredconditionals="40" methods="37" coveredmethods="31"/>
      <file name="ABCLearn.jsx" path="/Users/poyuchen/Documents/Developer/games-kids-playground/src/games/ABCLearn/ABCLearn.jsx">
        <metrics statements="121" coveredstatements="99" conditionals="52" coveredconditionals="40" methods="37" coveredmethods="31"/>
        <line num="9" count="2" type="stmt"/>
        <line num="38" count="2" type="stmt"/>
        <line num="45" count="36" type="stmt"/>
        <line num="46" count="36" type="stmt"/>
        <line num="47" count="429" type="stmt"/>
        <line num="48" count="429" type="stmt"/>
        <line num="50" count="36" type="stmt"/>
        <line num="54" count="85" type="stmt"/>
        <line num="55" count="85" type="stmt"/>
        <line num="56" count="85" type="stmt"/>
        <line num="57" count="85" type="stmt"/>
        <line num="58" count="85" type="stmt"/>
        <line num="59" count="85" type="stmt"/>
        <line num="60" count="85" type="stmt"/>
        <line num="61" count="85" type="stmt"/>
        <line num="62" count="85" type="stmt"/>
        <line num="63" count="85" type="stmt"/>
        <line num="64" count="85" type="stmt"/>
        <line num="65" count="85" type="stmt"/>
        <line num="66" count="85" type="stmt"/>
        <line num="67" count="85" type="stmt"/>
        <line num="69" count="85" type="stmt"/>
        <line num="71" count="85" type="stmt"/>
        <line num="72" count="15" type="stmt"/>
        <line num="73" count="15" type="stmt"/>
        <line num="74" count="390" type="stmt"/>
        <line num="75" count="45" type="stmt"/>
        <line num="76" count="15" type="stmt"/>
        <line num="78" count="15" type="stmt"/>
        <line num="82" count="15" type="stmt"/>
        <line num="83" count="15" type="stmt"/>
        <line num="86" count="85" type="stmt"/>
        <line num="88" count="6" type="stmt"/>
        <line num="89" count="30" type="stmt"/>
        <line num="90" count="6" type="stmt"/>
        <line num="91" count="6" type="stmt"/>
        <line num="94" count="85" type="stmt"/>
        <line num="95" count="43" type="cond" truecount="2" falsecount="0"/>
        <line num="96" count="43" type="cond" truecount="2" falsecount="0"/>
        <line num="99" count="85" type="stmt"/>
        <line num="100" count="10" type="cond" truecount="1" falsecount="1"/>
        <line num="101" count="10" type="stmt"/>
        <line num="102" count="10" type="stmt"/>
        <line num="104" count="10" type="cond" truecount="2" falsecount="0"/>
        <line num="105" count="9" type="stmt"/>
        <line num="106" count="9" type="stmt"/>
        <line num="107" count="9" type="stmt"/>
        <line num="108" count="9" type="stmt"/>
        <line num="109" count="9" type="cond" truecount="2" falsecount="0"/>
        <line num="110" count="1" type="stmt"/>
        <line num="111" count="1" type="cond" truecount="1" falsecount="3"/>
        <line num="112" count="1" type="stmt"/>
        <line num="113" count="1" type="stmt"/>
        <line num="115" count="8" type="stmt"/>
        <line num="116" count="8" type="stmt"/>
        <line num="120" count="1" type="stmt"/>
        <line num="121" count="1" type="stmt"/>
        <line num="122" count="1" type="stmt"/>
        <line num="123" count="1" type="stmt"/>
        <line num="124" count="1" type="stmt"/>
        <line num="125" count="1" type="stmt"/>
        <line num="130" count="85" type="stmt"/>
        <line num="131" count="6" type="cond" truecount="1" falsecount="1"/>
        <line num="132" count="6" type="stmt"/>
        <line num="135" count="6" type="stmt"/>
        <line num="136" count="6" type="stmt"/>
        <line num="138" count="6" type="cond" truecount="1" falsecount="1"/>
        <line num="139" count="6" type="stmt"/>
        <line num="140" count="6" type="stmt"/>
        <line num="141" count="6" type="stmt"/>
        <line num="143" count="6" type="cond" truecount="2" falsecount="0"/>
        <line num="144" count="1" type="stmt"/>
        <line num="145" count="1" type="stmt"/>
        <line num="146" count="1" type="cond" truecount="1" falsecount="1"/>
        <line num="147" count="0" type="stmt"/>
        <line num="148" count="0" type="cond" truecount="0" falsecount="4"/>
        <line num="149" count="0" type="stmt"/>
        <line num="150" count="0" type="stmt"/>
        <line num="152" count="1" type="stmt"/>
        <line num="153" count="1" type="stmt"/>
        <line num="158" count="0" type="stmt"/>
        <line num="159" count="0" type="stmt"/>
        <line num="163" count="85" type="stmt"/>
        <line num="164" count="0" type="stmt"/>
        <line num="165" count="0" type="stmt"/>
        <line num="166" count="0" type="stmt"/>
        <line num="167" count="0" type="stmt"/>
        <line num="168" count="0" type="stmt"/>
        <line num="169" count="0" type="stmt"/>
        <line num="170" count="0" type="stmt"/>
        <line num="171" count="0" type="stmt"/>
        <line num="172" count="0" type="stmt"/>
        <line num="173" count="0" type="stmt"/>
        <line num="174" count="0" type="stmt"/>
        <line num="177" count="85" type="stmt"/>
        <line num="178" count="44" type="cond" truecount="2" falsecount="0"/>
        <line num="179" count="2" type="cond" truecount="1" falsecount="1"/>
        <line num="180" count="0" type="stmt"/>
        <line num="184" count="85" type="cond" truecount="2" falsecount="0"/>
        <line num="185" count="9" type="stmt"/>
        <line num="186" count="9" type="stmt"/>
        <line num="210" count="1" type="stmt"/>
        <line num="217" count="1" type="stmt"/>
        <line num="223" count="2" type="stmt"/>
        <line num="234" count="76" type="cond" truecount="4" falsecount="0"/>
        <line num="235" count="27" type="stmt"/>
        <line num="255" count="108" type="stmt"/>
        <line num="262" count="10" type="stmt"/>
        <line num="275" count="0" type="stmt"/>
        <line num="276" count="0" type="stmt"/>
        <line num="282" count="49" type="cond" truecount="2" falsecount="0"/>
        <line num="283" count="17" type="stmt"/>
        <line num="284" count="17" type="stmt"/>
        <line num="299" count="16" type="stmt"/>
        <line num="307" count="60" type="stmt"/>
        <line num="310" count="6" type="stmt"/>
        <line num="323" count="0" type="stmt"/>
        <line num="324" count="0" type="stmt"/>
        <line num="331" count="32" type="stmt"/>
        <line num="341" count="96" type="stmt"/>
        <line num="344" count="18" type="stmt"/>
      </file>
    </package>
    <package name="src.games.AnimalPuzzle">
      <metrics statements="71" coveredstatements="58" conditionals="32" coveredconditionals="24" methods="23" coveredmethods="20"/>
      <file name="AnimalPuzzle.jsx" path="/Users/poyuchen/Documents/Developer/games-kids-playground/src/games/AnimalPuzzle/AnimalPuzzle.jsx">
        <metrics statements="71" coveredstatements="58" conditionals="32" coveredconditionals="24" methods="23" coveredmethods="20"/>
        <line num="9" count="2" type="stmt"/>
        <line num="25" count="22" type="stmt"/>
        <line num="26" count="22" type="stmt"/>
        <line num="27" count="242" type="stmt"/>
        <line num="28" count="242" type="stmt"/>
        <line num="30" count="22" type="stmt"/>
        <line num="34" count="11" type="stmt"/>
        <line num="35" count="132" type="stmt"/>
        <line num="40" count="11" type="stmt"/>
        <line num="44" count="36" type="stmt"/>
        <line num="45" count="36" type="stmt"/>
        <line num="46" count="36" type="stmt"/>
        <line num="47" count="36" type="stmt"/>
        <line num="48" count="36" type="stmt"/>
        <line num="49" count="36" type="stmt"/>
        <line num="50" count="36" type="stmt"/>
        <line num="51" count="36" type="stmt"/>
        <line num="52" count="36" type="stmt"/>
        <line num="53" count="36" type="stmt"/>
        <line num="55" count="36" type="stmt"/>
        <line num="57" count="36" type="stmt"/>
        <line num="58" count="17" type="cond" truecount="1" falsecount="1"/>
        <line num="59" count="89" type="stmt"/>
        <line num="60" count="17" type="cond" truecount="4" falsecount="1"/>
        <line num="62" count="17" type="stmt"/>
        <line num="63" count="17" type="stmt"/>
        <line num="64" count="17" type="stmt"/>
        <line num="66" count="17" type="cond" truecount="2" falsecount="0"/>
        <line num="67" count="8" type="stmt"/>
        <line num="68" count="8" type="stmt"/>
        <line num="69" count="8" type="stmt"/>
        <line num="70" count="28" type="stmt"/>
        <line num="71" count="60" type="stmt"/>
        <line num="73" count="8" type="cond" truecount="2" falsecount="0"/>
        <line num="74" count="7" type="stmt"/>
        <line num="75" count="7" type="stmt"/>
        <line num="76" count="7" type="stmt"/>
        <line num="77" count="7" type="stmt"/>
        <line num="78" count="84" type="cond" truecount="2" falsecount="0"/>
        <line num="80" count="7" type="stmt"/>
        <line num="81" count="7" type="stmt"/>
        <line num="82" count="7" type="stmt"/>
        <line num="83" count="7" type="stmt"/>
        <line num="86" count="1" type="stmt"/>
        <line num="87" count="0" type="stmt"/>
        <line num="88" count="0" type="stmt"/>
        <line num="89" count="0" type="stmt"/>
        <line num="95" count="36" type="stmt"/>
        <line num="96" count="36" type="cond" truecount="2" falsecount="0"/>
        <line num="97" count="2" type="stmt"/>
        <line num="98" count="1" type="stmt"/>
        <line num="99" count="1" type="cond" truecount="1" falsecount="3"/>
        <line num="100" count="1" type="stmt"/>
        <line num="101" count="1" type="stmt"/>
        <line num="106" count="36" type="stmt"/>
        <line num="107" count="0" type="stmt"/>
        <line num="108" count="0" type="stmt"/>
        <line num="109" count="0" type="stmt"/>
        <line num="110" count="0" type="stmt"/>
        <line num="111" count="0" type="stmt"/>
        <line num="112" count="0" type="stmt"/>
        <line num="113" count="0" type="stmt"/>
        <line num="116" count="36" type="stmt"/>
        <line num="117" count="36" type="cond" truecount="1" falsecount="1"/>
        <line num="118" count="0" type="cond" truecount="0" falsecount="2"/>
        <line num="119" count="0" type="stmt"/>
        <line num="122" count="36" type="stmt"/>
        <line num="143" count="432" type="cond" truecount="2" falsecount="0"/>
        <line num="144" count="432" type="stmt"/>
        <line num="148" count="17" type="stmt"/>
        <line num="174" count="0" type="stmt"/>
      </file>
    </package>
    <package name="src.games.BalloonPop">
      <metrics statements="58" coveredstatements="56" conditionals="31" coveredconditionals="25" methods="16" coveredmethods="14"/>
      <file name="BalloonPop.jsx" path="/Users/poyuchen/Documents/Developer/games-kids-playground/src/games/BalloonPop/BalloonPop.jsx">
        <metrics statements="58" coveredstatements="56" conditionals="31" coveredconditionals="25" methods="16" coveredmethods="14"/>
        <line num="9" count="2" type="stmt"/>
        <line num="17" count="12" type="stmt"/>
        <line num="18" count="12" type="stmt"/>
        <line num="19" count="12" type="stmt"/>
        <line num="20" count="12" type="stmt"/>
        <line num="21" count="36" type="stmt"/>
        <line num="22" count="108" type="stmt"/>
        <line num="29" count="12" type="stmt"/>
        <line num="30" count="96" type="stmt"/>
        <line num="31" count="96" type="stmt"/>
        <line num="34" count="12" type="stmt"/>
        <line num="35" count="12" type="stmt"/>
        <line num="36" count="84" type="stmt"/>
        <line num="37" count="84" type="stmt"/>
        <line num="48" count="12" type="stmt"/>
        <line num="52" count="30" type="stmt"/>
        <line num="53" count="30" type="stmt"/>
        <line num="54" count="30" type="stmt"/>
        <line num="55" count="30" type="stmt"/>
        <line num="56" count="30" type="stmt"/>
        <line num="57" count="30" type="stmt"/>
        <line num="58" count="30" type="stmt"/>
        <line num="59" count="30" type="stmt"/>
        <line num="60" count="30" type="stmt"/>
        <line num="61" count="30" type="stmt"/>
        <line num="63" count="30" type="stmt"/>
        <line num="64" count="16" type="cond" truecount="1" falsecount="1"/>
        <line num="66" count="16" type="cond" truecount="2" falsecount="0"/>
        <line num="68" count="15" type="stmt"/>
        <line num="69" count="15" type="stmt"/>
        <line num="70" count="105" type="cond" truecount="2" falsecount="0"/>
        <line num="72" count="15" type="stmt"/>
        <line num="73" count="15" type="stmt"/>
        <line num="75" count="15" type="cond" truecount="2" falsecount="0"/>
        <line num="76" count="2" type="stmt"/>
        <line num="77" count="2" type="stmt"/>
        <line num="78" count="2" type="cond" truecount="1" falsecount="3"/>
        <line num="79" count="2" type="cond" truecount="1" falsecount="1"/>
        <line num="80" count="2" type="stmt"/>
        <line num="85" count="1" type="stmt"/>
        <line num="86" count="1" type="stmt"/>
        <line num="87" count="1" type="stmt"/>
        <line num="88" count="1" type="stmt"/>
        <line num="92" count="30" type="stmt"/>
        <line num="93" count="1" type="stmt"/>
        <line num="94" count="1" type="stmt"/>
        <line num="95" count="1" type="stmt"/>
        <line num="96" count="1" type="stmt"/>
        <line num="97" count="1" type="stmt"/>
        <line num="98" count="1" type="stmt"/>
        <line num="101" count="30" type="stmt"/>
        <line num="102" count="30" type="cond" truecount="2" falsecount="0"/>
        <line num="103" count="1" type="cond" truecount="1" falsecount="1"/>
        <line num="104" count="0" type="stmt"/>
        <line num="107" count="30" type="stmt"/>
        <line num="133" count="210" type="stmt"/>
        <line num="143" count="16" type="stmt"/>
        <line num="167" count="0" type="stmt"/>
      </file>
    </package>
    <package name="src.games.ColorMatch">
      <metrics statements="67" coveredstatements="61" conditionals="30" coveredconditionals="22" methods="22" coveredmethods="20"/>
      <file name="ColorMatch.jsx" path="/Users/poyuchen/Documents/Developer/games-kids-playground/src/games/ColorMatch/ColorMatch.jsx">
        <metrics statements="67" coveredstatements="61" conditionals="30" coveredconditionals="22" methods="22" coveredmethods="20"/>
        <line num="9" count="2" type="stmt"/>
        <line num="19" count="22" type="stmt"/>
        <line num="20" count="22" type="stmt"/>
        <line num="21" count="132" type="stmt"/>
        <line num="22" count="132" type="stmt"/>
        <line num="24" count="22" type="stmt"/>
        <line num="28" count="11" type="stmt"/>
        <line num="29" count="88" type="stmt"/>
        <line num="34" count="11" type="stmt"/>
        <line num="38" count="42" type="stmt"/>
        <line num="39" count="42" type="stmt"/>
        <line num="40" count="42" type="stmt"/>
        <line num="41" count="42" type="stmt"/>
        <line num="42" count="42" type="stmt"/>
        <line num="43" count="42" type="stmt"/>
        <line num="44" count="42" type="stmt"/>
        <line num="45" count="42" type="stmt"/>
        <line num="46" count="42" type="stmt"/>
        <line num="48" count="42" type="stmt"/>
        <line num="50" count="42" type="stmt"/>
        <line num="51" count="21" type="cond" truecount="1" falsecount="1"/>
        <line num="52" count="81" type="stmt"/>
        <line num="53" count="21" type="cond" truecount="4" falsecount="1"/>
        <line num="55" count="21" type="stmt"/>
        <line num="56" count="21" type="stmt"/>
        <line num="57" count="21" type="stmt"/>
        <line num="59" count="21" type="cond" truecount="2" falsecount="0"/>
        <line num="60" count="10" type="stmt"/>
        <line num="61" count="10" type="stmt"/>
        <line num="62" count="10" type="stmt"/>
        <line num="63" count="26" type="stmt"/>
        <line num="64" count="54" type="stmt"/>
        <line num="66" count="10" type="cond" truecount="2" falsecount="0"/>
        <line num="68" count="9" type="stmt"/>
        <line num="69" count="8" type="stmt"/>
        <line num="70" count="8" type="stmt"/>
        <line num="71" count="64" type="cond" truecount="2" falsecount="0"/>
        <line num="73" count="8" type="stmt"/>
        <line num="74" count="8" type="stmt"/>
        <line num="75" count="8" type="stmt"/>
        <line num="79" count="1" type="stmt"/>
        <line num="80" count="0" type="stmt"/>
        <line num="81" count="0" type="stmt"/>
        <line num="82" count="0" type="stmt"/>
        <line num="88" count="42" type="stmt"/>
        <line num="89" count="42" type="cond" truecount="2" falsecount="0"/>
        <line num="90" count="4" type="stmt"/>
        <line num="91" count="2" type="stmt"/>
        <line num="92" count="2" type="cond" truecount="1" falsecount="3"/>
        <line num="93" count="2" type="stmt"/>
        <line num="94" count="2" type="stmt"/>
        <line num="99" count="42" type="stmt"/>
        <line num="100" count="1" type="stmt"/>
        <line num="101" count="1" type="stmt"/>
        <line num="102" count="1" type="stmt"/>
        <line num="103" count="1" type="stmt"/>
        <line num="104" count="1" type="stmt"/>
        <line num="105" count="1" type="stmt"/>
        <line num="108" count="42" type="stmt"/>
        <line num="109" count="42" type="cond" truecount="1" falsecount="1"/>
        <line num="110" count="0" type="cond" truecount="0" falsecount="2"/>
        <line num="111" count="0" type="stmt"/>
        <line num="114" count="42" type="stmt"/>
        <line num="133" count="336" type="cond" truecount="2" falsecount="0"/>
        <line num="134" count="336" type="stmt"/>
        <line num="138" count="21" type="stmt"/>
        <line num="163" count="0" type="stmt"/>
      </file>
    </package>
    <package name="src.games.NumberLearn">
      <metrics statements="124" coveredstatements="76" conditionals="58" coveredconditionals="30" methods="30" coveredmethods="15"/>
      <file name="NumberLearn.jsx" path="/Users/poyuchen/Documents/Developer/games-kids-playground/src/games/NumberLearn/NumberLearn.jsx">
        <metrics statements="124" coveredstatements="76" conditionals="58" coveredconditionals="30" methods="30" coveredmethods="15"/>
        <line num="9" count="2" type="stmt"/>
        <line num="30" count="2" type="stmt"/>
        <line num="33" count="14" type="stmt"/>
        <line num="34" count="14" type="stmt"/>
        <line num="35" count="42" type="stmt"/>
        <line num="36" count="42" type="stmt"/>
        <line num="38" count="14" type="stmt"/>
        <line num="42" count="14" type="stmt"/>
        <line num="43" count="14" type="stmt"/>
        <line num="44" count="14" type="stmt"/>
        <line num="46" count="14" type="stmt"/>
        <line num="48" count="14" type="stmt"/>
        <line num="49" count="14" type="stmt"/>
        <line num="50" count="79" type="cond" truecount="2" falsecount="0"/>
        <line num="53" count="14" type="stmt"/>
        <line num="54" count="51" type="stmt"/>
        <line num="55" count="51" type="stmt"/>
        <line num="57" count="14" type="stmt"/>
        <line num="58" count="53" type="cond" truecount="2" falsecount="0"/>
        <line num="59" count="42" type="stmt"/>
        <line num="61" count="14" type="stmt"/>
        <line num="71" count="0" type="stmt"/>
        <line num="74" count="0" type="stmt"/>
        <line num="79" count="32" type="stmt"/>
        <line num="80" count="32" type="stmt"/>
        <line num="81" count="32" type="stmt"/>
        <line num="82" count="32" type="stmt"/>
        <line num="83" count="32" type="stmt"/>
        <line num="84" count="32" type="stmt"/>
        <line num="85" count="32" type="stmt"/>
        <line num="86" count="32" type="stmt"/>
        <line num="87" count="32" type="stmt"/>
        <line num="88" count="32" type="stmt"/>
        <line num="89" count="32" type="stmt"/>
        <line num="90" count="32" type="stmt"/>
        <line num="91" count="32" type="stmt"/>
        <line num="93" count="32" type="stmt"/>
        <line num="94" count="32" type="stmt"/>
        <line num="96" count="32" type="stmt"/>
        <line num="97" count="14" type="stmt"/>
        <line num="98" count="14" type="cond" truecount="1" falsecount="1"/>
        <line num="99" count="14" type="stmt"/>
        <line num="100" count="14" type="stmt"/>
        <line num="101" count="14" type="stmt"/>
        <line num="103" count="0" type="stmt"/>
        <line num="104" count="0" type="stmt"/>
        <line num="105" count="0" type="stmt"/>
        <line num="106" count="0" type="stmt"/>
        <line num="110" count="32" type="stmt"/>
        <line num="111" count="9" type="stmt"/>
        <line num="114" count="32" type="stmt"/>
        <line num="115" count="7" type="cond" truecount="1" falsecount="1"/>
        <line num="116" count="7" type="stmt"/>
        <line num="117" count="7" type="stmt"/>
        <line num="119" count="7" type="cond" truecount="2" falsecount="0"/>
        <line num="120" count="6" type="stmt"/>
        <line num="121" count="6" type="stmt"/>
        <line num="122" count="6" type="stmt"/>
        <line num="123" count="6" type="stmt"/>
        <line num="124" count="6" type="cond" truecount="2" falsecount="0"/>
        <line num="125" count="1" type="stmt"/>
        <line num="126" count="1" type="cond" truecount="1" falsecount="3"/>
        <line num="127" count="1" type="stmt"/>
        <line num="128" count="1" type="stmt"/>
        <line num="130" count="5" type="stmt"/>
        <line num="131" count="5" type="stmt"/>
        <line num="135" count="1" type="stmt"/>
        <line num="136" count="1" type="stmt"/>
        <line num="137" count="1" type="stmt"/>
        <line num="138" count="1" type="stmt"/>
        <line num="139" count="1" type="stmt"/>
        <line num="140" count="1" type="stmt"/>
        <line num="145" count="32" type="stmt"/>
        <line num="146" count="0" type="cond" truecount="0" falsecount="2"/>
        <line num="147" count="0" type="stmt"/>
        <line num="149" count="0" type="stmt"/>
        <line num="150" count="0" type="cond" truecount="0" falsecount="2"/>
        <line num="151" count="0" type="stmt"/>
        <line num="152" count="0" type="stmt"/>
        <line num="153" count="0" type="stmt"/>
        <line num="154" count="0" type="stmt"/>
        <line num="156" count="0" type="cond" truecount="0" falsecount="2"/>
        <line num="157" count="0" type="stmt"/>
        <line num="158" count="0" type="stmt"/>
        <line num="159" count="0" type="cond" truecount="0" falsecount="2"/>
        <line num="160" count="0" type="stmt"/>
        <line num="161" count="0" type="cond" truecount="0" falsecount="4"/>
        <line num="162" count="0" type="stmt"/>
        <line num="163" count="0" type="stmt"/>
        <line num="165" count="0" type="stmt"/>
        <line num="166" count="0" type="stmt"/>
        <line num="171" count="0" type="stmt"/>
        <line num="172" count="0" type="stmt"/>
        <line num="176" count="32" type="stmt"/>
        <line num="177" count="0" type="stmt"/>
        <line num="178" count="0" type="stmt"/>
        <line num="179" count="0" type="stmt"/>
        <line num="180" count="0" type="stmt"/>
        <line num="181" count="0" type="stmt"/>
        <line num="182" count="0" type="stmt"/>
        <line num="183" count="0" type="stmt"/>
        <line num="184" count="0" type="stmt"/>
        <line num="185" count="0" type="stmt"/>
        <line num="186" count="0" type="stmt"/>
        <line num="189" count="32" type="stmt"/>
        <line num="190" count="0" type="cond" truecount="0" falsecount="2"/>
        <line num="191" count="0" type="stmt"/>
        <line num="192" count="0" type="stmt"/>
        <line num="193" count="0" type="stmt"/>
        <line num="194" count="0" type="stmt"/>
        <line num="195" count="0" type="stmt"/>
        <line num="197" count="0" type="stmt"/>
        <line num="201" count="32" type="stmt"/>
        <line num="202" count="32" type="cond" truecount="2" falsecount="0"/>
        <line num="203" count="2" type="cond" truecount="1" falsecount="1"/>
        <line num="204" count="0" type="stmt"/>
        <line num="207" count="32" type="stmt"/>
        <line num="233" count="66" type="stmt"/>
        <line num="239" count="92" type="stmt"/>
        <line num="248" count="7" type="stmt"/>
        <line num="265" count="0" type="stmt"/>
        <line num="273" count="0" type="stmt"/>
        <line num="276" count="0" type="stmt"/>
        <line num="295" count="0" type="stmt"/>
      </file>
    </package>
    <package name="src.games.ShapeSort">
      <metrics statements="61" coveredstatements="60" conditionals="40" coveredconditionals="35" methods="15" coveredmethods="14"/>
      <file name="ShapeSort.jsx" path="/Users/poyuchen/Documents/Developer/games-kids-playground/src/games/ShapeSort/ShapeSort.jsx">
        <metrics statements="61" coveredstatements="60" conditionals="40" coveredconditionals="35" methods="15" coveredmethods="14"/>
        <line num="9" count="2" type="stmt"/>
        <line num="43" count="36" type="stmt"/>
        <line num="44" count="36" type="stmt"/>
        <line num="45" count="180" type="stmt"/>
        <line num="46" count="180" type="stmt"/>
        <line num="48" count="36" type="stmt"/>
        <line num="52" count="66" type="stmt"/>
        <line num="53" count="66" type="stmt"/>
        <line num="54" count="66" type="stmt"/>
        <line num="55" count="66" type="stmt"/>
        <line num="56" count="66" type="stmt"/>
        <line num="57" count="66" type="stmt"/>
        <line num="58" count="66" type="stmt"/>
        <line num="59" count="66" type="stmt"/>
        <line num="60" count="66" type="stmt"/>
        <line num="61" count="66" type="stmt"/>
        <line num="62" count="66" type="stmt"/>
        <line num="64" count="66" type="stmt"/>
        <line num="65" count="12" type="stmt"/>
        <line num="66" count="12" type="stmt"/>
        <line num="67" count="12" type="stmt"/>
        <line num="68" count="12" type="stmt"/>
        <line num="69" count="12" type="stmt"/>
        <line num="70" count="12" type="stmt"/>
        <line num="71" count="12" type="stmt"/>
        <line num="72" count="12" type="stmt"/>
        <line num="75" count="66" type="stmt"/>
        <line num="76" count="12" type="stmt"/>
        <line num="79" count="66" type="stmt"/>
        <line num="80" count="8" type="cond" truecount="1" falsecount="1"/>
        <line num="81" count="8" type="stmt"/>
        <line num="82" count="8" type="stmt"/>
        <line num="83" count="8" type="stmt"/>
        <line num="86" count="66" type="stmt"/>
        <line num="87" count="27" type="cond" truecount="2" falsecount="0"/>
        <line num="88" count="20" type="cond" truecount="1" falsecount="1"/>
        <line num="90" count="20" type="cond" truecount="2" falsecount="0"/>
        <line num="91" count="7" type="stmt"/>
        <line num="92" count="7" type="stmt"/>
        <line num="93" count="7" type="stmt"/>
        <line num="94" count="7" type="stmt"/>
        <line num="96" count="7" type="cond" truecount="2" falsecount="0"/>
        <line num="97" count="1" type="stmt"/>
        <line num="98" count="1" type="stmt"/>
        <line num="99" count="1" type="cond" truecount="2" falsecount="2"/>
        <line num="100" count="1" type="cond" truecount="1" falsecount="1"/>
        <line num="101" count="1" type="stmt"/>
        <line num="105" count="13" type="stmt"/>
        <line num="106" count="13" type="stmt"/>
        <line num="107" count="13" type="stmt"/>
        <line num="108" count="13" type="stmt"/>
        <line num="112" count="66" type="stmt"/>
        <line num="113" count="66" type="cond" truecount="2" falsecount="0"/>
        <line num="114" count="39" type="cond" truecount="2" falsecount="0"/>
        <line num="115" count="30" type="stmt"/>
        <line num="118" count="66" type="stmt"/>
        <line num="146" count="324" type="stmt"/>
        <line num="150" count="8" type="stmt"/>
        <line num="167" count="324" type="stmt"/>
        <line num="171" count="27" type="stmt"/>
        <line num="188" count="0" type="stmt"/>
      </file>
    </package>
    <package name="src.hooks">
      <metrics statements="71" coveredstatements="69" conditionals="36" coveredconditionals="31" methods="22" coveredmethods="20"/>
      <file name="useProgress.js" path="/Users/poyuchen/Documents/Developer/games-kids-playground/src/hooks/useProgress.js">
        <metrics statements="41" coveredstatements="40" conditionals="25" coveredconditionals="24" methods="11" coveredmethods="11"/>
        <line num="3" count="2" type="stmt"/>
        <line num="5" count="2" type="stmt"/>
        <line num="18" count="34" type="stmt"/>
        <line num="19" count="20" type="stmt"/>
        <line num="20" count="20" type="stmt"/>
        <line num="21" count="20" type="cond" truecount="2" falsecount="0"/>
        <line num="23" count="0" type="stmt"/>
        <line num="28" count="34" type="stmt"/>
        <line num="29" count="31" type="stmt"/>
        <line num="30" count="31" type="stmt"/>
        <line num="36" count="34" type="cond" truecount="1" falsecount="0"/>
        <line num="37" count="146" type="stmt"/>
        <line num="38" count="146" type="stmt"/>
        <line num="47" count="146" type="stmt"/>
        <line num="48" count="146" type="stmt"/>
        <line num="51" count="146" type="stmt"/>
        <line num="52" count="146" type="stmt"/>
        <line num="55" count="146" type="cond" truecount="4" falsecount="0"/>
        <line num="56" count="10" type="stmt"/>
        <line num="59" count="146" type="cond" truecount="4" falsecount="0"/>
        <line num="60" count="3" type="stmt"/>
        <line num="63" count="146" type="cond" truecount="4" falsecount="0"/>
        <line num="64" count="2" type="stmt"/>
        <line num="67" count="146" type="cond" truecount="4" falsecount="0"/>
        <line num="68" count="4" type="stmt"/>
        <line num="71" count="5790" type="stmt"/>
        <line num="72" count="146" type="cond" truecount="4" falsecount="0"/>
        <line num="73" count="1" type="stmt"/>
        <line num="76" count="146" type="stmt"/>
        <line num="86" count="34" type="stmt"/>
        <line num="87" count="1" type="stmt"/>
        <line num="88" count="1" type="stmt"/>
        <line num="91" count="34" type="stmt"/>
        <line num="92" count="3" type="stmt"/>
        <line num="93" count="1" type="stmt"/>
        <line num="94" count="2" type="stmt"/>
        <line num="95" count="1" type="cond" truecount="1" falsecount="1"/>
        <line num="96" count="2" type="stmt"/>
        <line num="98" count="1" type="stmt"/>
        <line num="101" count="34" type="stmt"/>
        <line num="110" count="2" type="stmt"/>
      </file>
      <file name="useSound.js" path="/Users/poyuchen/Documents/Developer/games-kids-playground/src/hooks/useSound.js">
        <metrics statements="30" coveredstatements="29" conditionals="11" coveredconditionals="7" methods="11" coveredmethods="9"/>
        <line num="8" count="18" type="cond" truecount="1" falsecount="1"/>
        <line num="12" count="18" type="cond" truecount="3" falsecount="0"/>
        <line num="13" count="5" type="cond" truecount="1" falsecount="1"/>
        <line num="15" count="5" type="cond" truecount="1" falsecount="1"/>
        <line num="16" count="0" type="stmt"/>
        <line num="18" count="5" type="stmt"/>
        <line num="19" count="5" type="stmt"/>
        <line num="20" count="5" type="stmt"/>
        <line num="21" count="5" type="stmt"/>
        <line num="22" count="5" type="stmt"/>
        <line num="23" count="5" type="stmt"/>
        <line num="24" count="5" type="stmt"/>
        <line num="25" count="5" type="stmt"/>
        <line num="26" count="5" type="stmt"/>
        <line num="27" count="5" type="stmt"/>
        <line num="30" count="18" type="stmt"/>
        <line num="31" count="1" type="stmt"/>
        <line num="32" count="1" type="stmt"/>
        <line num="33" count="1" type="stmt"/>
        <line num="36" count="18" type="stmt"/>
        <line num="37" count="1" type="stmt"/>
        <line num="40" count="18" type="stmt"/>
        <line num="41" count="1" type="stmt"/>
        <line num="44" count="18" type="stmt"/>
        <line num="45" count="1" type="stmt"/>
        <line num="46" count="1" type="stmt"/>
        <line num="47" count="8" type="stmt"/>
        <line num="51" count="18" type="stmt"/>
        <line num="52" count="1" type="stmt"/>
        <line num="55" count="18" type="stmt"/>
      </file>
    </package>
    <package name="src.pages.About">
      <metrics statements="8" coveredstatements="8" conditionals="0" coveredconditionals="0" methods="4" coveredmethods="4"/>
      <file name="About.jsx" path="/Users/poyuchen/Documents/Developer/games-kids-playground/src/pages/About/About.jsx">
        <metrics statements="8" coveredstatements="8" conditionals="0" coveredconditionals="0" methods="4" coveredmethods="4"/>
        <line num="6" count="2" type="stmt"/>
        <line num="39" count="2" type="stmt"/>
        <line num="49" count="15" type="stmt"/>
        <line num="50" count="15" type="stmt"/>
        <line num="52" count="15" type="stmt"/>
        <line num="73" count="90" type="stmt"/>
        <line num="87" count="90" type="stmt"/>
        <line num="137" count="1" type="stmt"/>
      </file>
    </package>
    <package name="src.pages.History">
      <metrics statements="19" coveredstatements="19" conditionals="10" coveredconditionals="10" methods="7" coveredmethods="7"/>
      <file name="History.jsx" path="/Users/poyuchen/Documents/Developer/games-kids-playground/src/pages/History/History.jsx">
        <metrics statements="19" coveredstatements="19" conditionals="10" coveredconditionals="10" methods="7" coveredmethods="7"/>
        <line num="8" count="28" type="stmt"/>
        <line num="9" count="28" type="stmt"/>
        <line num="10" count="28" type="stmt"/>
        <line num="11" count="28" type="stmt"/>
        <line num="12" count="28" type="stmt"/>
        <line num="13" count="28" type="stmt"/>
        <line num="17" count="28" type="stmt"/>
        <line num="21" count="17" type="stmt"/>
        <line num="22" count="17" type="stmt"/>
        <line num="23" count="17" type="stmt"/>
        <line num="25" count="17" type="stmt"/>
        <line num="26" count="2" type="cond" truecount="2" falsecount="0"/>
        <line num="27" count="1" type="stmt"/>
        <line num="28" count="1" type="stmt"/>
        <line num="32" count="17" type="stmt"/>
        <line num="65" count="85" type="stmt"/>
        <line num="66" count="85" type="stmt"/>
        <line num="87" count="1" type="stmt"/>
        <line num="94" count="28" type="stmt"/>
      </file>
    </package>
    <package name="src.pages.Home">
      <metrics statements="24" coveredstatements="22" conditionals="8" coveredconditionals="8" methods="15" coveredmethods="13"/>
      <file name="Home.jsx" path="/Users/poyuchen/Documents/Developer/games-kids-playground/src/pages/Home/Home.jsx">
        <metrics statements="24" coveredstatements="22" conditionals="8" coveredconditionals="8" methods="15" coveredmethods="13"/>
        <line num="7" count="2" type="stmt"/>
        <line num="77" count="2" type="stmt"/>
        <line num="80" count="34" type="stmt"/>
        <line num="81" count="34" type="stmt"/>
        <line num="82" count="34" type="stmt"/>
        <line num="83" count="34" type="stmt"/>
        <line num="85" count="34" type="stmt"/>
        <line num="86" count="17" type="stmt"/>
        <line num="89" count="34" type="stmt"/>
        <line num="90" count="5" type="stmt"/>
        <line num="91" count="5" type="stmt"/>
        <line num="94" count="34" type="stmt"/>
        <line num="99" count="272" type="stmt"/>
        <line num="139" count="1" type="stmt"/>
        <line num="144" count="0" type="stmt"/>
        <line num="149" count="0" type="stmt"/>
        <line num="160" count="204" type="stmt"/>
        <line num="161" count="136" type="stmt"/>
        <line num="168" count="1" type="stmt"/>
        <line num="187" count="204" type="stmt"/>
        <line num="188" count="68" type="stmt"/>
        <line num="195" count="1" type="stmt"/>
        <line num="212" count="1" type="stmt"/>
        <line num="215" count="1" type="stmt"/>
      </file>
    </package>
  </project>
</coverage>
