{"/Users/poyuchen/Documents/Developer/games-kids-playground/src/App.jsx": {"path":"/Users/poyuchen/Documents/Developer/games-kids-playground/src/App.jsx","statementMap":{"0":{"start":{"line":13,"column":2},"end":{"line":24,"column":null}}},"fnMap":{"0":{"name":"App","decl":{"start":{"line":12,"column":9},"end":{"line":12,"column":15}},"loc":{"start":{"line":12,"column":15},"end":{"line":26,"column":null}},"line":12}},"branchMap":{},"s":{"0":9},"f":{"0":9},"b":{},"meta":{"lastBranch":0,"lastFunction":1,"lastStatement":1,"seen":{"f:12:9:12:15":0,"s:13:2:24:Infinity":0}}}
,"/Users/poyuchen/Documents/Developer/games-kids-playground/src/components/BackButton/BackButton.jsx": {"path":"/Users/poyuchen/Documents/Developer/games-kids-playground/src/components/BackButton/BackButton.jsx","statementMap":{"0":{"start":{"line":5,"column":8},"end":{"line":5,"column":null}},"1":{"start":{"line":7,"column":2},"end":{"line":15,"column":null}},"2":{"start":{"line":10,"column":21},"end":{"line":10,"column":null}}},"fnMap":{"0":{"name":"BackButton","decl":{"start":{"line":4,"column":24},"end":{"line":4,"column":37}},"loc":{"start":{"line":4,"column":37},"end":{"line":17,"column":null}},"line":4},"1":{"name":"(anonymous_1)","decl":{"start":{"line":10,"column":15},"end":{"line":10,"column":21}},"loc":{"start":{"line":10,"column":21},"end":{"line":10,"column":null}},"line":10}},"branchMap":{},"s":{"0":326,"1":326,"2":1},"f":{"0":326,"1":1},"b":{},"meta":{"lastBranch":0,"lastFunction":2,"lastStatement":3,"seen":{"f:4:24:4:37":0,"s:5:8:5:Infinity":0,"s:7:2:15:Infinity":1,"f:10:15:10:21":1,"s:10:21:10:Infinity":2}}}
,"/Users/poyuchen/Documents/Developer/games-kids-playground/src/components/StarScore/StarScore.jsx": {"path":"/Users/poyuchen/Documents/Developer/games-kids-playground/src/components/StarScore/StarScore.jsx","statementMap":{"0":{"start":{"line":4,"column":2},"end":{"line":14,"column":null}},"1":{"start":{"line":9,"column":10},"end":{"line":11,"column":null}}},"fnMap":{"0":{"name":"StarScore","decl":{"start":{"line":3,"column":24},"end":{"line":3,"column":34}},"loc":{"start":{"line":3,"column":54},"end":{"line":16,"column":null}},"line":3},"1":{"name":"(anonymous_1)","decl":{"start":{"line":8,"column":39},"end":{"line":8,"column":40}},"loc":{"start":{"line":9,"column":10},"end":{"line":11,"column":null}},"line":9}},"branchMap":{"0":{"loc":{"start":{"line":9,"column":55},"end":{"line":9,"column":82}},"type":"cond-expr","locations":[{"start":{"line":9,"column":69},"end":{"line":9,"column":80}},{"start":{"line":9,"column":80},"end":{"line":9,"column":82}}],"line":9},"1":{"loc":{"start":{"line":10,"column":13},"end":{"line":10,"column":null}},"type":"cond-expr","locations":[{"start":{"line":10,"column":27},"end":{"line":10,"column":33}},{"start":{"line":10,"column":33},"end":{"line":10,"column":null}}],"line":10}},"s":{"0":6,"1":18},"f":{"0":6,"1":18},"b":{"0":[9,9],"1":[9,9]},"meta":{"lastBranch":2,"lastFunction":2,"lastStatement":2,"seen":{"f:3:24:3:34":0,"s:4:2:14:Infinity":0,"f:8:39:8:40":1,"s:9:10:11:Infinity":1,"b:9:69:9:80:9:80:9:82":0,"b:10:27:10:33:10:33:10:Infinity":1}}}
,"/Users/poyuchen/Documents/Developer/games-kids-playground/src/components/WinModal/WinModal.jsx": {"path":"/Users/poyuchen/Documents/Developer/games-kids-playground/src/components/WinModal/WinModal.jsx","statementMap":{"0":{"start":{"line":6,"column":28},"end":{"line":6,"column":null}},"1":{"start":{"line":8,"column":2},"end":{"line":35,"column":null}},"2":{"start":{"line":9,"column":4},"end":{"line":34,"column":null}},"3":{"start":{"line":10,"column":6},"end":{"line":10,"column":null}},"4":{"start":{"line":12,"column":23},"end":{"line":12,"column":null}},"5":{"start":{"line":13,"column":18},"end":{"line":13,"column":null}},"6":{"start":{"line":14,"column":20},"end":{"line":30,"column":null}},"7":{"start":{"line":15,"column":8},"end":{"line":21,"column":null}},"8":{"start":{"line":22,"column":8},"end":{"line":28,"column":null}},"9":{"start":{"line":29,"column":8},"end":{"line":29,"column":null}},"10":{"start":{"line":29,"column":30},"end":{"line":29,"column":null}},"11":{"start":{"line":31,"column":6},"end":{"line":31,"column":null}},"12":{"start":{"line":33,"column":6},"end":{"line":33,"column":null}},"13":{"start":{"line":37,"column":2},"end":{"line":37,"column":null}},"14":{"start":{"line":37,"column":16},"end":{"line":37,"column":null}},"15":{"start":{"line":39,"column":2},"end":{"line":61,"column":null}},"16":{"start":{"line":46,"column":12},"end":{"line":48,"column":null}}},"fnMap":{"0":{"name":"WinModal","decl":{"start":{"line":5,"column":24},"end":{"line":5,"column":33}},"loc":{"start":{"line":5,"column":90},"end":{"line":63,"column":null}},"line":5},"1":{"name":"(anonymous_1)","decl":{"start":{"line":8,"column":12},"end":{"line":8,"column":18}},"loc":{"start":{"line":8,"column":18},"end":{"line":35,"column":5}},"line":8},"2":{"name":"(anonymous_2)","decl":{"start":{"line":14,"column":20},"end":{"line":14,"column":26}},"loc":{"start":{"line":14,"column":26},"end":{"line":30,"column":null}},"line":14},"3":{"name":"(anonymous_3)","decl":{"start":{"line":45,"column":25},"end":{"line":45,"column":null}},"loc":{"start":{"line":46,"column":12},"end":{"line":48,"column":null}},"line":46}},"branchMap":{"0":{"loc":{"start":{"line":5,"column":41},"end":{"line":5,"column":52}},"type":"default-arg","locations":[{"start":{"line":5,"column":49},"end":{"line":5,"column":52}}],"line":5},"1":{"loc":{"start":{"line":5,"column":52},"end":{"line":5,"column":70}},"type":"default-arg","locations":[{"start":{"line":5,"column":62},"end":{"line":5,"column":70}}],"line":5},"2":{"loc":{"start":{"line":9,"column":4},"end":{"line":34,"column":null}},"type":"if","locations":[{"start":{"line":9,"column":4},"end":{"line":34,"column":null}},{"start":{"line":32,"column":11},"end":{"line":34,"column":null}}],"line":9},"3":{"loc":{"start":{"line":29,"column":8},"end":{"line":29,"column":null}},"type":"if","locations":[{"start":{"line":29,"column":8},"end":{"line":29,"column":null}},{"start":{},"end":{}}],"line":29},"4":{"loc":{"start":{"line":37,"column":2},"end":{"line":37,"column":null}},"type":"if","locations":[{"start":{"line":37,"column":2},"end":{"line":37,"column":null}},{"start":{},"end":{}}],"line":37},"5":{"loc":{"start":{"line":46,"column":56},"end":{"line":46,"column":82}},"type":"cond-expr","locations":[{"start":{"line":46,"column":69},"end":{"line":46,"column":80}},{"start":{"line":46,"column":80},"end":{"line":46,"column":82}}],"line":46},"6":{"loc":{"start":{"line":47,"column":15},"end":{"line":47,"column":null}},"type":"cond-expr","locations":[{"start":{"line":47,"column":28},"end":{"line":47,"column":34}},{"start":{"line":47,"column":34},"end":{"line":47,"column":null}}],"line":47}},"s":{"0":291,"1":291,"2":83,"3":15,"4":15,"5":15,"6":15,"7":271,"8":271,"9":271,"10":271,"11":15,"12":68,"13":291,"14":274,"15":17,"16":51},"f":{"0":291,"1":83,"2":271,"3":51},"b":{"0":[291],"1":[291],"2":[15,68],"3":[271,0],"4":[274,17],"5":[48,3],"6":[48,3]},"meta":{"lastBranch":7,"lastFunction":4,"lastStatement":17,"seen":{"f:5:24:5:33":0,"b:5:49:5:52":0,"b:5:62:5:70":1,"s:6:28:6:Infinity":0,"s:8:2:35:Infinity":1,"f:8:12:8:18":1,"b:9:4:34:Infinity:32:11:34:Infinity":2,"s:9:4:34:Infinity":2,"s:10:6:10:Infinity":3,"s:12:23:12:Infinity":4,"s:13:18:13:Infinity":5,"s:14:20:30:Infinity":6,"f:14:20:14:26":2,"s:15:8:21:Infinity":7,"s:22:8:28:Infinity":8,"b:29:8:29:Infinity:undefined:undefined:undefined:undefined":3,"s:29:8:29:Infinity":9,"s:29:30:29:Infinity":10,"s:31:6:31:Infinity":11,"s:33:6:33:Infinity":12,"b:37:2:37:Infinity:undefined:undefined:undefined:undefined":4,"s:37:2:37:Infinity":13,"s:37:16:37:Infinity":14,"s:39:2:61:Infinity":15,"f:45:25:45:Infinity":3,"s:46:12:48:Infinity":16,"b:46:69:46:80:46:80:46:82":5,"b:47:28:47:34:47:34:47:Infinity":6}}}
,"/Users/poyuchen/Documents/Developer/games-kids-playground/src/games/ABCLearn/ABCLearn.jsx": {"path":"/Users/poyuchen/Documents/Developer/games-kids-playground/src/games/ABCLearn/ABCLearn.jsx","statementMap":{"0":{"start":{"line":9,"column":22},"end":{"line":36,"column":null}},"1":{"start":{"line":38,"column":19},"end":{"line":42,"column":null}},"2":{"start":{"line":45,"column":19},"end":{"line":45,"column":null}},"3":{"start":{"line":46,"column":2},"end":{"line":49,"column":null}},"4":{"start":{"line":46,"column":15},"end":{"line":46,"column":36}},"5":{"start":{"line":47,"column":14},"end":{"line":47,"column":null}},"6":{"start":{"line":48,"column":4},"end":{"line":48,"column":null}},"7":{"start":{"line":50,"column":2},"end":{"line":50,"column":null}},"8":{"start":{"line":54,"column":8},"end":{"line":54,"column":null}},"9":{"start":{"line":55,"column":53},"end":{"line":55,"column":null}},"10":{"start":{"line":56,"column":21},"end":{"line":56,"column":null}},"11":{"start":{"line":57,"column":22},"end":{"line":57,"column":null}},"12":{"start":{"line":58,"column":34},"end":{"line":58,"column":null}},"13":{"start":{"line":59,"column":40},"end":{"line":59,"column":null}},"14":{"start":{"line":60,"column":30},"end":{"line":60,"column":null}},"15":{"start":{"line":61,"column":24},"end":{"line":61,"column":null}},"16":{"start":{"line":62,"column":26},"end":{"line":62,"column":null}},"17":{"start":{"line":63,"column":28},"end":{"line":63,"column":null}},"18":{"start":{"line":64,"column":42},"end":{"line":64,"column":null}},"19":{"start":{"line":65,"column":32},"end":{"line":65,"column":null}},"20":{"start":{"line":66,"column":40},"end":{"line":66,"column":null}},"21":{"start":{"line":67,"column":38},"end":{"line":67,"column":null}},"22":{"start":{"line":69,"column":25},"end":{"line":69,"column":null}},"23":{"start":{"line":71,"column":8},"end":{"line":84,"column":null}},"24":{"start":{"line":72,"column":17},"end":{"line":72,"column":null}},"25":{"start":{"line":73,"column":25},"end":{"line":75,"column":null}},"26":{"start":{"line":74,"column":32},"end":{"line":74,"column":56}},"27":{"start":{"line":75,"column":27},"end":{"line":75,"column":35}},"28":{"start":{"line":76,"column":20},"end":{"line":76,"column":null}},"29":{"start":{"line":78,"column":4},"end":{"line":81,"column":null}},"30":{"start":{"line":82,"column":4},"end":{"line":82,"column":null}},"31":{"start":{"line":83,"column":4},"end":{"line":83,"column":null}},"32":{"start":{"line":86,"column":8},"end":{"line":92,"column":null}},"33":{"start":{"line":88,"column":21},"end":{"line":88,"column":null}},"34":{"start":{"line":89,"column":20},"end":{"line":89,"column":null}},"35":{"start":{"line":89,"column":73},"end":{"line":89,"column":81}},"36":{"start":{"line":90,"column":4},"end":{"line":90,"column":null}},"37":{"start":{"line":91,"column":4},"end":{"line":91,"column":null}},"38":{"start":{"line":94,"column":2},"end":{"line":97,"column":null}},"39":{"start":{"line":95,"column":4},"end":{"line":95,"column":null}},"40":{"start":{"line":95,"column":26},"end":{"line":95,"column":null}},"41":{"start":{"line":96,"column":4},"end":{"line":96,"column":null}},"42":{"start":{"line":96,"column":26},"end":{"line":96,"column":null}},"43":{"start":{"line":99,"column":28},"end":{"line":128,"column":null}},"44":{"start":{"line":100,"column":4},"end":{"line":100,"column":null}},"45":{"start":{"line":100,"column":33},"end":{"line":100,"column":null}},"46":{"start":{"line":101,"column":4},"end":{"line":101,"column":null}},"47":{"start":{"line":102,"column":4},"end":{"line":102,"column":null}},"48":{"start":{"line":104,"column":4},"end":{"line":127,"column":null}},"49":{"start":{"line":105,"column":6},"end":{"line":105,"column":null}},"50":{"start":{"line":106,"column":6},"end":{"line":106,"column":null}},"51":{"start":{"line":107,"column":6},"end":{"line":107,"column":null}},"52":{"start":{"line":107,"column":20},"end":{"line":107,"column":25}},"53":{"start":{"line":108,"column":6},"end":{"line":118,"column":null}},"54":{"start":{"line":109,"column":8},"end":{"line":117,"column":null}},"55":{"start":{"line":110,"column":10},"end":{"line":110,"column":null}},"56":{"start":{"line":111,"column":24},"end":{"line":111,"column":null}},"57":{"start":{"line":112,"column":10},"end":{"line":112,"column":null}},"58":{"start":{"line":113,"column":10},"end":{"line":113,"column":null}},"59":{"start":{"line":115,"column":10},"end":{"line":115,"column":null}},"60":{"start":{"line":115,"column":32},"end":{"line":115,"column":37}},"61":{"start":{"line":116,"column":10},"end":{"line":116,"column":null}},"62":{"start":{"line":120,"column":6},"end":{"line":120,"column":null}},"63":{"start":{"line":121,"column":6},"end":{"line":121,"column":null}},"64":{"start":{"line":122,"column":6},"end":{"line":122,"column":null}},"65":{"start":{"line":122,"column":21},"end":{"line":122,"column":26}},"66":{"start":{"line":123,"column":6},"end":{"line":126,"column":null}},"67":{"start":{"line":124,"column":8},"end":{"line":124,"column":null}},"68":{"start":{"line":125,"column":8},"end":{"line":125,"column":null}},"69":{"start":{"line":130,"column":27},"end":{"line":161,"column":null}},"70":{"start":{"line":131,"column":4},"end":{"line":131,"column":null}},"71":{"start":{"line":131,"column":40},"end":{"line":131,"column":null}},"72":{"start":{"line":132,"column":4},"end":{"line":132,"column":null}},"73":{"start":{"line":135,"column":23},"end":{"line":135,"column":null}},"74":{"start":{"line":136,"column":25},"end":{"line":136,"column":null}},"75":{"start":{"line":138,"column":4},"end":{"line":160,"column":null}},"76":{"start":{"line":139,"column":6},"end":{"line":139,"column":null}},"77":{"start":{"line":140,"column":21},"end":{"line":140,"column":null}},"78":{"start":{"line":141,"column":6},"end":{"line":141,"column":null}},"79":{"start":{"line":143,"column":6},"end":{"line":156,"column":null}},"80":{"start":{"line":144,"column":8},"end":{"line":144,"column":null}},"81":{"start":{"line":144,"column":22},"end":{"line":144,"column":27}},"82":{"start":{"line":145,"column":8},"end":{"line":155,"column":null}},"83":{"start":{"line":146,"column":10},"end":{"line":154,"column":null}},"84":{"start":{"line":147,"column":12},"end":{"line":147,"column":null}},"85":{"start":{"line":148,"column":26},"end":{"line":148,"column":null}},"86":{"start":{"line":149,"column":12},"end":{"line":149,"column":null}},"87":{"start":{"line":150,"column":12},"end":{"line":150,"column":null}},"88":{"start":{"line":152,"column":12},"end":{"line":152,"column":null}},"89":{"start":{"line":152,"column":34},"end":{"line":152,"column":39}},"90":{"start":{"line":153,"column":12},"end":{"line":153,"column":null}},"91":{"start":{"line":158,"column":6},"end":{"line":158,"column":null}},"92":{"start":{"line":159,"column":6},"end":{"line":159,"column":null}},"93":{"start":{"line":159,"column":21},"end":{"line":159,"column":26}},"94":{"start":{"line":163,"column":20},"end":{"line":175,"column":null}},"95":{"start":{"line":164,"column":4},"end":{"line":164,"column":null}},"96":{"start":{"line":165,"column":4},"end":{"line":165,"column":null}},"97":{"start":{"line":166,"column":4},"end":{"line":166,"column":null}},"98":{"start":{"line":167,"column":4},"end":{"line":167,"column":null}},"99":{"start":{"line":168,"column":4},"end":{"line":168,"column":null}},"100":{"start":{"line":169,"column":4},"end":{"line":169,"column":null}},"101":{"start":{"line":170,"column":4},"end":{"line":170,"column":null}},"102":{"start":{"line":171,"column":4},"end":{"line":171,"column":null}},"103":{"start":{"line":172,"column":4},"end":{"line":172,"column":null}},"104":{"start":{"line":173,"column":4},"end":{"line":173,"column":null}},"105":{"start":{"line":174,"column":4},"end":{"line":174,"column":null}},"106":{"start":{"line":177,"column":19},"end":{"line":181,"column":null}},"107":{"start":{"line":178,"column":4},"end":{"line":178,"column":null}},"108":{"start":{"line":178,"column":22},"end":{"line":178,"column":null}},"109":{"start":{"line":179,"column":4},"end":{"line":179,"column":null}},"110":{"start":{"line":179,"column":21},"end":{"line":179,"column":null}},"111":{"start":{"line":180,"column":4},"end":{"line":180,"column":null}},"112":{"start":{"line":184,"column":2},"end":{"line":231,"column":null}},"113":{"start":{"line":185,"column":17},"end":{"line":185,"column":null}},"114":{"start":{"line":186,"column":4},"end":{"line":229,"column":null}},"115":{"start":{"line":210,"column":29},"end":{"line":210,"column":42}},"116":{"start":{"line":210,"column":42},"end":{"line":210,"column":81}},"117":{"start":{"line":210,"column":61},"end":{"line":210,"column":79}},"118":{"start":{"line":217,"column":29},"end":{"line":217,"column":42}},"119":{"start":{"line":217,"column":42},"end":{"line":217,"column":56}},"120":{"start":{"line":223,"column":29},"end":{"line":223,"column":42}},"121":{"start":{"line":223,"column":42},"end":{"line":223,"column":104}},"122":{"start":{"line":223,"column":61},"end":{"line":223,"column":102}},"123":{"start":{"line":234,"column":2},"end":{"line":280,"column":null}},"124":{"start":{"line":235,"column":4},"end":{"line":278,"column":null}},"125":{"start":{"line":255,"column":14},"end":{"line":266,"column":null}},"126":{"start":{"line":262,"column":31},"end":{"line":262,"column":null}},"127":{"start":{"line":275,"column":28},"end":{"line":275,"column":49}},"128":{"start":{"line":275,"column":49},"end":{"line":275,"column":62}},"129":{"start":{"line":275,"column":62},"end":{"line":275,"column":76}},"130":{"start":{"line":275,"column":76},"end":{"line":275,"column":95}},"131":{"start":{"line":275,"column":95},"end":{"line":275,"column":119}},"132":{"start":{"line":276,"column":24},"end":{"line":276,"column":null}},"133":{"start":{"line":282,"column":2},"end":{"line":328,"column":null}},"134":{"start":{"line":283,"column":26},"end":{"line":283,"column":null}},"135":{"start":{"line":284,"column":4},"end":{"line":326,"column":null}},"136":{"start":{"line":299,"column":14},"end":{"line":299,"column":null}},"137":{"start":{"line":307,"column":14},"end":{"line":314,"column":null}},"138":{"start":{"line":310,"column":31},"end":{"line":310,"column":null}},"139":{"start":{"line":323,"column":28},"end":{"line":323,"column":49}},"140":{"start":{"line":323,"column":49},"end":{"line":323,"column":62}},"141":{"start":{"line":323,"column":62},"end":{"line":323,"column":76}},"142":{"start":{"line":323,"column":76},"end":{"line":323,"column":95}},"143":{"start":{"line":323,"column":95},"end":{"line":323,"column":115}},"144":{"start":{"line":324,"column":24},"end":{"line":324,"column":null}},"145":{"start":{"line":331,"column":2},"end":{"line":351,"column":null}},"146":{"start":{"line":341,"column":10},"end":{"line":348,"column":null}},"147":{"start":{"line":344,"column":29},"end":{"line":344,"column":42}},"148":{"start":{"line":344,"column":42},"end":{"line":344,"column":57}}},"fnMap":{"0":{"name":"shuffleArray","decl":{"start":{"line":44,"column":9},"end":{"line":44,"column":22}},"loc":{"start":{"line":44,"column":27},"end":{"line":51,"column":null}},"line":44},"1":{"name":"ABCLearn","decl":{"start":{"line":53,"column":24},"end":{"line":53,"column":35}},"loc":{"start":{"line":53,"column":35},"end":{"line":353,"column":null}},"line":53},"2":{"name":"(anonymous_2)","decl":{"start":{"line":71,"column":44},"end":{"line":71,"column":50}},"loc":{"start":{"line":71,"column":50},"end":{"line":84,"column":5}},"line":71},"3":{"name":"(anonymous_3)","decl":{"start":{"line":74,"column":27},"end":{"line":74,"column":32}},"loc":{"start":{"line":74,"column":32},"end":{"line":74,"column":56}},"line":74},"4":{"name":"(anonymous_4)","decl":{"start":{"line":75,"column":22},"end":{"line":75,"column":27}},"loc":{"start":{"line":75,"column":27},"end":{"line":75,"column":35}},"line":75},"5":{"name":"(anonymous_5)","decl":{"start":{"line":86,"column":40},"end":{"line":86,"column":46}},"loc":{"start":{"line":86,"column":46},"end":{"line":92,"column":5}},"line":86},"6":{"name":"(anonymous_6)","decl":{"start":{"line":89,"column":68},"end":{"line":89,"column":73}},"loc":{"start":{"line":89,"column":73},"end":{"line":89,"column":81}},"line":89},"7":{"name":"(anonymous_7)","decl":{"start":{"line":94,"column":12},"end":{"line":94,"column":18}},"loc":{"start":{"line":94,"column":18},"end":{"line":97,"column":5}},"line":94},"8":{"name":"(anonymous_8)","decl":{"start":{"line":99,"column":28},"end":{"line":99,"column":29}},"loc":{"start":{"line":99,"column":40},"end":{"line":128,"column":null}},"line":99},"9":{"name":"(anonymous_9)","decl":{"start":{"line":107,"column":15},"end":{"line":107,"column":20}},"loc":{"start":{"line":107,"column":20},"end":{"line":107,"column":25}},"line":107},"10":{"name":"(anonymous_10)","decl":{"start":{"line":108,"column":17},"end":{"line":108,"column":23}},"loc":{"start":{"line":108,"column":23},"end":{"line":118,"column":9}},"line":108},"11":{"name":"(anonymous_11)","decl":{"start":{"line":115,"column":27},"end":{"line":115,"column":32}},"loc":{"start":{"line":115,"column":32},"end":{"line":115,"column":37}},"line":115},"12":{"name":"(anonymous_12)","decl":{"start":{"line":122,"column":16},"end":{"line":122,"column":21}},"loc":{"start":{"line":122,"column":21},"end":{"line":122,"column":26}},"line":122},"13":{"name":"(anonymous_13)","decl":{"start":{"line":123,"column":17},"end":{"line":123,"column":23}},"loc":{"start":{"line":123,"column":23},"end":{"line":126,"column":9}},"line":123},"14":{"name":"(anonymous_14)","decl":{"start":{"line":130,"column":27},"end":{"line":130,"column":28}},"loc":{"start":{"line":130,"column":39},"end":{"line":161,"column":null}},"line":130},"15":{"name":"(anonymous_15)","decl":{"start":{"line":144,"column":17},"end":{"line":144,"column":22}},"loc":{"start":{"line":144,"column":22},"end":{"line":144,"column":27}},"line":144},"16":{"name":"(anonymous_16)","decl":{"start":{"line":145,"column":19},"end":{"line":145,"column":25}},"loc":{"start":{"line":145,"column":25},"end":{"line":155,"column":11}},"line":145},"17":{"name":"(anonymous_17)","decl":{"start":{"line":152,"column":29},"end":{"line":152,"column":34}},"loc":{"start":{"line":152,"column":34},"end":{"line":152,"column":39}},"line":152},"18":{"name":"(anonymous_18)","decl":{"start":{"line":159,"column":16},"end":{"line":159,"column":21}},"loc":{"start":{"line":159,"column":21},"end":{"line":159,"column":26}},"line":159},"19":{"name":"(anonymous_19)","decl":{"start":{"line":163,"column":20},"end":{"line":163,"column":26}},"loc":{"start":{"line":163,"column":26},"end":{"line":175,"column":null}},"line":163},"20":{"name":"(anonymous_20)","decl":{"start":{"line":177,"column":19},"end":{"line":177,"column":25}},"loc":{"start":{"line":177,"column":25},"end":{"line":181,"column":null}},"line":177},"21":{"name":"(anonymous_21)","decl":{"start":{"line":210,"column":21},"end":{"line":210,"column":27}},"loc":{"start":{"line":210,"column":27},"end":{"line":210,"column":null}},"line":210},"22":{"name":"(anonymous_22)","decl":{"start":{"line":210,"column":56},"end":{"line":210,"column":61}},"loc":{"start":{"line":210,"column":61},"end":{"line":210,"column":79}},"line":210},"23":{"name":"(anonymous_23)","decl":{"start":{"line":217,"column":21},"end":{"line":217,"column":27}},"loc":{"start":{"line":217,"column":27},"end":{"line":217,"column":null}},"line":217},"24":{"name":"(anonymous_24)","decl":{"start":{"line":223,"column":21},"end":{"line":223,"column":27}},"loc":{"start":{"line":223,"column":27},"end":{"line":223,"column":null}},"line":223},"25":{"name":"(anonymous_25)","decl":{"start":{"line":223,"column":56},"end":{"line":223,"column":61}},"loc":{"start":{"line":223,"column":61},"end":{"line":223,"column":102}},"line":223},"26":{"name":"(anonymous_26)","decl":{"start":{"line":254,"column":34},"end":{"line":254,"column":35}},"loc":{"start":{"line":255,"column":14},"end":{"line":266,"column":null}},"line":255},"27":{"name":"(anonymous_27)","decl":{"start":{"line":262,"column":25},"end":{"line":262,"column":31}},"loc":{"start":{"line":262,"column":31},"end":{"line":262,"column":null}},"line":262},"28":{"name":"(anonymous_28)","decl":{"start":{"line":275,"column":20},"end":{"line":275,"column":26}},"loc":{"start":{"line":275,"column":26},"end":{"line":275,"column":null}},"line":275},"29":{"name":"(anonymous_29)","decl":{"start":{"line":276,"column":18},"end":{"line":276,"column":24}},"loc":{"start":{"line":276,"column":24},"end":{"line":276,"column":null}},"line":276},"30":{"name":"(anonymous_30)","decl":{"start":{"line":298,"column":31},"end":{"line":298,"column":32}},"loc":{"start":{"line":299,"column":14},"end":{"line":299,"column":null}},"line":299},"31":{"name":"(anonymous_31)","decl":{"start":{"line":306,"column":30},"end":{"line":306,"column":31}},"loc":{"start":{"line":307,"column":14},"end":{"line":314,"column":null}},"line":307},"32":{"name":"(anonymous_32)","decl":{"start":{"line":310,"column":25},"end":{"line":310,"column":31}},"loc":{"start":{"line":310,"column":31},"end":{"line":310,"column":null}},"line":310},"33":{"name":"(anonymous_33)","decl":{"start":{"line":323,"column":20},"end":{"line":323,"column":26}},"loc":{"start":{"line":323,"column":26},"end":{"line":323,"column":null}},"line":323},"34":{"name":"(anonymous_34)","decl":{"start":{"line":324,"column":18},"end":{"line":324,"column":24}},"loc":{"start":{"line":324,"column":24},"end":{"line":324,"column":null}},"line":324},"35":{"name":"(anonymous_35)","decl":{"start":{"line":340,"column":24},"end":{"line":340,"column":25}},"loc":{"start":{"line":341,"column":10},"end":{"line":348,"column":null}},"line":341},"36":{"name":"(anonymous_36)","decl":{"start":{"line":344,"column":21},"end":{"line":344,"column":27}},"loc":{"start":{"line":344,"column":27},"end":{"line":344,"column":null}},"line":344}},"branchMap":{"0":{"loc":{"start":{"line":95,"column":4},"end":{"line":95,"column":null}},"type":"if","locations":[{"start":{"line":95,"column":4},"end":{"line":95,"column":null}},{"start":{},"end":{}}],"line":95},"1":{"loc":{"start":{"line":96,"column":4},"end":{"line":96,"column":null}},"type":"if","locations":[{"start":{"line":96,"column":4},"end":{"line":96,"column":null}},{"start":{},"end":{}}],"line":96},"2":{"loc":{"start":{"line":100,"column":4},"end":{"line":100,"column":null}},"type":"if","locations":[{"start":{"line":100,"column":4},"end":{"line":100,"column":null}},{"start":{},"end":{}}],"line":100},"3":{"loc":{"start":{"line":104,"column":4},"end":{"line":127,"column":null}},"type":"if","locations":[{"start":{"line":104,"column":4},"end":{"line":127,"column":null}},{"start":{"line":119,"column":11},"end":{"line":127,"column":null}}],"line":104},"4":{"loc":{"start":{"line":109,"column":8},"end":{"line":117,"column":null}},"type":"if","locations":[{"start":{"line":109,"column":8},"end":{"line":117,"column":null}},{"start":{"line":114,"column":15},"end":{"line":117,"column":null}}],"line":109},"5":{"loc":{"start":{"line":111,"column":24},"end":{"line":111,"column":null}},"type":"cond-expr","locations":[{"start":{"line":111,"column":39},"end":{"line":111,"column":43}},{"start":{"line":111,"column":43},"end":{"line":111,"column":null}}],"line":111},"6":{"loc":{"start":{"line":111,"column":43},"end":{"line":111,"column":null}},"type":"cond-expr","locations":[{"start":{"line":111,"column":57},"end":{"line":111,"column":61}},{"start":{"line":111,"column":61},"end":{"line":111,"column":null}}],"line":111},"7":{"loc":{"start":{"line":131,"column":4},"end":{"line":131,"column":null}},"type":"if","locations":[{"start":{"line":131,"column":4},"end":{"line":131,"column":null}},{"start":{},"end":{}}],"line":131},"8":{"loc":{"start":{"line":138,"column":4},"end":{"line":160,"column":null}},"type":"if","locations":[{"start":{"line":138,"column":4},"end":{"line":160,"column":null}},{"start":{"line":157,"column":11},"end":{"line":160,"column":null}}],"line":138},"9":{"loc":{"start":{"line":143,"column":6},"end":{"line":156,"column":null}},"type":"if","locations":[{"start":{"line":143,"column":6},"end":{"line":156,"column":null}},{"start":{},"end":{}}],"line":143},"10":{"loc":{"start":{"line":146,"column":10},"end":{"line":154,"column":null}},"type":"if","locations":[{"start":{"line":146,"column":10},"end":{"line":154,"column":null}},{"start":{"line":151,"column":17},"end":{"line":154,"column":null}}],"line":146},"11":{"loc":{"start":{"line":148,"column":26},"end":{"line":148,"column":null}},"type":"cond-expr","locations":[{"start":{"line":148,"column":41},"end":{"line":148,"column":45}},{"start":{"line":148,"column":45},"end":{"line":148,"column":null}}],"line":148},"12":{"loc":{"start":{"line":148,"column":45},"end":{"line":148,"column":null}},"type":"cond-expr","locations":[{"start":{"line":148,"column":59},"end":{"line":148,"column":63}},{"start":{"line":148,"column":63},"end":{"line":148,"column":null}}],"line":148},"13":{"loc":{"start":{"line":178,"column":4},"end":{"line":178,"column":null}},"type":"if","locations":[{"start":{"line":178,"column":4},"end":{"line":178,"column":null}},{"start":{},"end":{}}],"line":178},"14":{"loc":{"start":{"line":179,"column":4},"end":{"line":179,"column":null}},"type":"if","locations":[{"start":{"line":179,"column":4},"end":{"line":179,"column":null}},{"start":{},"end":{}}],"line":179},"15":{"loc":{"start":{"line":184,"column":2},"end":{"line":231,"column":null}},"type":"if","locations":[{"start":{"line":184,"column":2},"end":{"line":231,"column":null}},{"start":{},"end":{}}],"line":184},"16":{"loc":{"start":{"line":234,"column":2},"end":{"line":280,"column":null}},"type":"if","locations":[{"start":{"line":234,"column":2},"end":{"line":280,"column":null}},{"start":{},"end":{}}],"line":234},"17":{"loc":{"start":{"line":234,"column":6},"end":{"line":234,"column":36}},"type":"binary-expr","locations":[{"start":{"line":234,"column":6},"end":{"line":234,"column":26}},{"start":{"line":234,"column":26},"end":{"line":234,"column":36}}],"line":234},"18":{"loc":{"start":{"line":258,"column":18},"end":{"line":260,"column":null}},"type":"cond-expr","locations":[{"start":{"line":259,"column":22},"end":{"line":259,"column":null}},{"start":{"line":260,"column":22},"end":{"line":260,"column":null}}],"line":258},"19":{"loc":{"start":{"line":259,"column":22},"end":{"line":259,"column":null}},"type":"cond-expr","locations":[{"start":{"line":259,"column":34},"end":{"line":259,"column":46}},{"start":{"line":259,"column":46},"end":{"line":259,"column":null}}],"line":259},"20":{"loc":{"start":{"line":261,"column":20},"end":{"line":261,"column":91}},"type":"cond-expr","locations":[{"start":{"line":261,"column":72},"end":{"line":261,"column":89}},{"start":{"line":261,"column":89},"end":{"line":261,"column":91}}],"line":261},"21":{"loc":{"start":{"line":261,"column":20},"end":{"line":261,"column":72}},"type":"binary-expr","locations":[{"start":{"line":261,"column":20},"end":{"line":261,"column":38}},{"start":{"line":261,"column":38},"end":{"line":261,"column":72}}],"line":261},"22":{"loc":{"start":{"line":263,"column":26},"end":{"line":263,"column":null}},"type":"binary-expr","locations":[{"start":{"line":263,"column":26},"end":{"line":263,"column":53}},{"start":{"line":263,"column":53},"end":{"line":263,"column":null}}],"line":263},"23":{"loc":{"start":{"line":282,"column":2},"end":{"line":328,"column":null}},"type":"if","locations":[{"start":{"line":282,"column":2},"end":{"line":328,"column":null}},{"start":{},"end":{}}],"line":282},"24":{"loc":{"start":{"line":301,"column":13},"end":{"line":302,"column":null}},"type":"binary-expr","locations":[{"start":{"line":301,"column":13},"end":{"line":301,"column":null}},{"start":{"line":302,"column":14},"end":{"line":302,"column":null}}],"line":301},"25":{"loc":{"start":{"line":309,"column":51},"end":{"line":309,"column":95}},"type":"cond-expr","locations":[{"start":{"line":309,"column":84},"end":{"line":309,"column":93}},{"start":{"line":309,"column":93},"end":{"line":309,"column":95}}],"line":309}},"s":{"0":2,"1":2,"2":36,"3":36,"4":36,"5":429,"6":429,"7":36,"8":85,"9":85,"10":85,"11":85,"12":85,"13":85,"14":85,"15":85,"16":85,"17":85,"18":85,"19":85,"20":85,"21":85,"22":85,"23":85,"24":15,"25":15,"26":390,"27":45,"28":15,"29":15,"30":15,"31":15,"32":85,"33":6,"34":6,"35":30,"36":6,"37":6,"38":85,"39":43,"40":7,"41":43,"42":5,"43":85,"44":10,"45":0,"46":10,"47":10,"48":10,"49":9,"50":9,"51":9,"52":9,"53":9,"54":9,"55":1,"56":1,"57":1,"58":1,"59":8,"60":8,"61":8,"62":1,"63":1,"64":1,"65":1,"66":1,"67":1,"68":1,"69":85,"70":6,"71":0,"72":6,"73":6,"74":6,"75":6,"76":6,"77":6,"78":6,"79":6,"80":1,"81":1,"82":1,"83":1,"84":0,"85":0,"86":0,"87":0,"88":1,"89":1,"90":1,"91":0,"92":0,"93":0,"94":85,"95":0,"96":0,"97":0,"98":0,"99":0,"100":0,"101":0,"102":0,"103":0,"104":0,"105":0,"106":85,"107":44,"108":42,"109":2,"110":2,"111":0,"112":85,"113":9,"114":9,"115":1,"116":1,"117":1,"118":1,"119":1,"120":2,"121":2,"122":2,"123":76,"124":27,"125":108,"126":10,"127":0,"128":0,"129":0,"130":0,"131":0,"132":0,"133":49,"134":17,"135":17,"136":16,"137":60,"138":6,"139":0,"140":0,"141":0,"142":0,"143":0,"144":0,"145":32,"146":96,"147":18,"148":18},"f":{"0":36,"1":85,"2":15,"3":390,"4":45,"5":6,"6":30,"7":43,"8":10,"9":9,"10":9,"11":8,"12":1,"13":1,"14":6,"15":1,"16":1,"17":1,"18":0,"19":0,"20":44,"21":1,"22":1,"23":1,"24":2,"25":2,"26":108,"27":10,"28":0,"29":0,"30":16,"31":60,"32":6,"33":0,"34":0,"35":96,"36":18},"b":{"0":[7,36],"1":[5,38],"2":[0,10],"3":[9,1],"4":[1,8],"5":[1,0],"6":[0,0],"7":[0,6],"8":[6,0],"9":[1,5],"10":[0,1],"11":[0,0],"12":[0,0],"13":[42,2],"14":[2,0],"15":[9,76],"16":[27,49],"17":[76,34],"18":[11,97],"19":[10,1],"20":[11,97],"21":[108,44],"22":[108,44],"23":[17,32],"24":[17,11],"25":[16,44]},"meta":{"lastBranch":26,"lastFunction":37,"lastStatement":149,"seen":{"s:9:22:36:Infinity":0,"s:38:19:42:Infinity":1,"f:44:9:44:22":0,"s:45:19:45:Infinity":2,"s:46:2:49:Infinity":3,"s:46:15:46:36":4,"s:47:14:47:Infinity":5,"s:48:4:48:Infinity":6,"s:50:2:50:Infinity":7,"f:53:24:53:35":1,"s:54:8:54:Infinity":8,"s:55:53:55:Infinity":9,"s:56:21:56:Infinity":10,"s:57:22:57:Infinity":11,"s:58:34:58:Infinity":12,"s:59:40:59:Infinity":13,"s:60:30:60:Infinity":14,"s:61:24:61:Infinity":15,"s:62:26:62:Infinity":16,"s:63:28:63:Infinity":17,"s:64:42:64:Infinity":18,"s:65:32:65:Infinity":19,"s:66:40:66:Infinity":20,"s:67:38:67:Infinity":21,"s:69:25:69:Infinity":22,"s:71:8:84:Infinity":23,"f:71:44:71:50":2,"s:72:17:72:Infinity":24,"s:73:25:75:Infinity":25,"f:74:27:74:32":3,"s:74:32:74:56":26,"f:75:22:75:27":4,"s:75:27:75:35":27,"s:76:20:76:Infinity":28,"s:78:4:81:Infinity":29,"s:82:4:82:Infinity":30,"s:83:4:83:Infinity":31,"s:86:8:92:Infinity":32,"f:86:40:86:46":5,"s:88:21:88:Infinity":33,"s:89:20:89:Infinity":34,"f:89:68:89:73":6,"s:89:73:89:81":35,"s:90:4:90:Infinity":36,"s:91:4:91:Infinity":37,"s:94:2:97:Infinity":38,"f:94:12:94:18":7,"b:95:4:95:Infinity:undefined:undefined:undefined:undefined":0,"s:95:4:95:Infinity":39,"s:95:26:95:Infinity":40,"b:96:4:96:Infinity:undefined:undefined:undefined:undefined":1,"s:96:4:96:Infinity":41,"s:96:26:96:Infinity":42,"s:99:28:128:Infinity":43,"f:99:28:99:29":8,"b:100:4:100:Infinity:undefined:undefined:undefined:undefined":2,"s:100:4:100:Infinity":44,"s:100:33:100:Infinity":45,"s:101:4:101:Infinity":46,"s:102:4:102:Infinity":47,"b:104:4:127:Infinity:119:11:127:Infinity":3,"s:104:4:127:Infinity":48,"s:105:6:105:Infinity":49,"s:106:6:106:Infinity":50,"s:107:6:107:Infinity":51,"f:107:15:107:20":9,"s:107:20:107:25":52,"s:108:6:118:Infinity":53,"f:108:17:108:23":10,"b:109:8:117:Infinity:114:15:117:Infinity":4,"s:109:8:117:Infinity":54,"s:110:10:110:Infinity":55,"s:111:24:111:Infinity":56,"b:111:39:111:43:111:43:111:Infinity":5,"b:111:57:111:61:111:61:111:Infinity":6,"s:112:10:112:Infinity":57,"s:113:10:113:Infinity":58,"s:115:10:115:Infinity":59,"f:115:27:115:32":11,"s:115:32:115:37":60,"s:116:10:116:Infinity":61,"s:120:6:120:Infinity":62,"s:121:6:121:Infinity":63,"s:122:6:122:Infinity":64,"f:122:16:122:21":12,"s:122:21:122:26":65,"s:123:6:126:Infinity":66,"f:123:17:123:23":13,"s:124:8:124:Infinity":67,"s:125:8:125:Infinity":68,"s:130:27:161:Infinity":69,"f:130:27:130:28":14,"b:131:4:131:Infinity:undefined:undefined:undefined:undefined":7,"s:131:4:131:Infinity":70,"s:131:40:131:Infinity":71,"s:132:4:132:Infinity":72,"s:135:23:135:Infinity":73,"s:136:25:136:Infinity":74,"b:138:4:160:Infinity:157:11:160:Infinity":8,"s:138:4:160:Infinity":75,"s:139:6:139:Infinity":76,"s:140:21:140:Infinity":77,"s:141:6:141:Infinity":78,"b:143:6:156:Infinity:undefined:undefined:undefined:undefined":9,"s:143:6:156:Infinity":79,"s:144:8:144:Infinity":80,"f:144:17:144:22":15,"s:144:22:144:27":81,"s:145:8:155:Infinity":82,"f:145:19:145:25":16,"b:146:10:154:Infinity:151:17:154:Infinity":10,"s:146:10:154:Infinity":83,"s:147:12:147:Infinity":84,"s:148:26:148:Infinity":85,"b:148:41:148:45:148:45:148:Infinity":11,"b:148:59:148:63:148:63:148:Infinity":12,"s:149:12:149:Infinity":86,"s:150:12:150:Infinity":87,"s:152:12:152:Infinity":88,"f:152:29:152:34":17,"s:152:34:152:39":89,"s:153:12:153:Infinity":90,"s:158:6:158:Infinity":91,"s:159:6:159:Infinity":92,"f:159:16:159:21":18,"s:159:21:159:26":93,"s:163:20:175:Infinity":94,"f:163:20:163:26":19,"s:164:4:164:Infinity":95,"s:165:4:165:Infinity":96,"s:166:4:166:Infinity":97,"s:167:4:167:Infinity":98,"s:168:4:168:Infinity":99,"s:169:4:169:Infinity":100,"s:170:4:170:Infinity":101,"s:171:4:171:Infinity":102,"s:172:4:172:Infinity":103,"s:173:4:173:Infinity":104,"s:174:4:174:Infinity":105,"s:177:19:181:Infinity":106,"f:177:19:177:25":20,"b:178:4:178:Infinity:undefined:undefined:undefined:undefined":13,"s:178:4:178:Infinity":107,"s:178:22:178:Infinity":108,"b:179:4:179:Infinity:undefined:undefined:undefined:undefined":14,"s:179:4:179:Infinity":109,"s:179:21:179:Infinity":110,"s:180:4:180:Infinity":111,"b:184:2:231:Infinity:undefined:undefined:undefined:undefined":15,"s:184:2:231:Infinity":112,"s:185:17:185:Infinity":113,"s:186:4:229:Infinity":114,"f:210:21:210:27":21,"s:210:29:210:42":115,"s:210:42:210:81":116,"f:210:56:210:61":22,"s:210:61:210:79":117,"f:217:21:217:27":23,"s:217:29:217:42":118,"s:217:42:217:56":119,"f:223:21:223:27":24,"s:223:29:223:42":120,"s:223:42:223:104":121,"f:223:56:223:61":25,"s:223:61:223:102":122,"b:234:2:280:Infinity:undefined:undefined:undefined:undefined":16,"s:234:2:280:Infinity":123,"b:234:6:234:26:234:26:234:36":17,"s:235:4:278:Infinity":124,"f:254:34:254:35":26,"s:255:14:266:Infinity":125,"b:259:22:259:Infinity:260:22:260:Infinity":18,"b:259:34:259:46:259:46:259:Infinity":19,"b:261:72:261:89:261:89:261:91":20,"b:261:20:261:38:261:38:261:72":21,"f:262:25:262:31":27,"s:262:31:262:Infinity":126,"b:263:26:263:53:263:53:263:Infinity":22,"f:275:20:275:26":28,"s:275:28:275:49":127,"s:275:49:275:62":128,"s:275:62:275:76":129,"s:275:76:275:95":130,"s:275:95:275:119":131,"f:276:18:276:24":29,"s:276:24:276:Infinity":132,"b:282:2:328:Infinity:undefined:undefined:undefined:undefined":23,"s:282:2:328:Infinity":133,"s:283:26:283:Infinity":134,"s:284:4:326:Infinity":135,"f:298:31:298:32":30,"s:299:14:299:Infinity":136,"b:301:13:301:Infinity:302:14:302:Infinity":24,"f:306:30:306:31":31,"s:307:14:314:Infinity":137,"b:309:84:309:93:309:93:309:95":25,"f:310:25:310:31":32,"s:310:31:310:Infinity":138,"f:323:20:323:26":33,"s:323:28:323:49":139,"s:323:49:323:62":140,"s:323:62:323:76":141,"s:323:76:323:95":142,"s:323:95:323:115":143,"f:324:18:324:24":34,"s:324:24:324:Infinity":144,"s:331:2:351:Infinity":145,"f:340:24:340:25":35,"s:341:10:348:Infinity":146,"f:344:21:344:27":36,"s:344:29:344:42":147,"s:344:42:344:57":148}}}
,"/Users/poyuchen/Documents/Developer/games-kids-playground/src/games/AnimalPuzzle/AnimalPuzzle.jsx": {"path":"/Users/poyuchen/Documents/Developer/games-kids-playground/src/games/AnimalPuzzle/AnimalPuzzle.jsx","statementMap":{"0":{"start":{"line":9,"column":20},"end":{"line":22,"column":null}},"1":{"start":{"line":25,"column":19},"end":{"line":25,"column":null}},"2":{"start":{"line":26,"column":2},"end":{"line":29,"column":null}},"3":{"start":{"line":26,"column":15},"end":{"line":26,"column":36}},"4":{"start":{"line":27,"column":14},"end":{"line":27,"column":null}},"5":{"start":{"line":28,"column":4},"end":{"line":28,"column":null}},"6":{"start":{"line":30,"column":2},"end":{"line":30,"column":null}},"7":{"start":{"line":34,"column":19},"end":{"line":34,"column":null}},"8":{"start":{"line":35,"column":16},"end":{"line":39,"column":null}},"9":{"start":{"line":35,"column":65},"end":{"line":39,"column":4}},"10":{"start":{"line":40,"column":2},"end":{"line":40,"column":null}},"11":{"start":{"line":44,"column":8},"end":{"line":44,"column":null}},"12":{"start":{"line":45,"column":53},"end":{"line":45,"column":null}},"13":{"start":{"line":46,"column":21},"end":{"line":46,"column":null}},"14":{"start":{"line":47,"column":24},"end":{"line":47,"column":null}},"15":{"start":{"line":47,"column":43},"end":{"line":47,"column":59}},"16":{"start":{"line":48,"column":28},"end":{"line":48,"column":null}},"17":{"start":{"line":49,"column":28},"end":{"line":49,"column":null}},"18":{"start":{"line":50,"column":30},"end":{"line":50,"column":null}},"19":{"start":{"line":51,"column":28},"end":{"line":51,"column":null}},"20":{"start":{"line":52,"column":30},"end":{"line":52,"column":null}},"21":{"start":{"line":53,"column":36},"end":{"line":53,"column":null}},"22":{"start":{"line":55,"column":21},"end":{"line":55,"column":null}},"23":{"start":{"line":57,"column":8},"end":{"line":93,"column":null}},"24":{"start":{"line":58,"column":4},"end":{"line":58,"column":null}},"25":{"start":{"line":58,"column":18},"end":{"line":58,"column":null}},"26":{"start":{"line":59,"column":17},"end":{"line":59,"column":null}},"27":{"start":{"line":59,"column":33},"end":{"line":59,"column":52}},"28":{"start":{"line":60,"column":4},"end":{"line":60,"column":null}},"29":{"start":{"line":60,"column":59},"end":{"line":60,"column":null}},"30":{"start":{"line":62,"column":4},"end":{"line":62,"column":null}},"31":{"start":{"line":63,"column":23},"end":{"line":63,"column":null}},"32":{"start":{"line":64,"column":4},"end":{"line":64,"column":null}},"33":{"start":{"line":66,"column":4},"end":{"line":92,"column":null}},"34":{"start":{"line":67,"column":6},"end":{"line":67,"column":null}},"35":{"start":{"line":68,"column":6},"end":{"line":68,"column":null}},"36":{"start":{"line":68,"column":23},"end":{"line":68,"column":28}},"37":{"start":{"line":69,"column":30},"end":{"line":69,"column":null}},"38":{"start":{"line":70,"column":20},"end":{"line":70,"column":null}},"39":{"start":{"line":70,"column":36},"end":{"line":70,"column":54}},"40":{"start":{"line":71,"column":20},"end":{"line":71,"column":null}},"41":{"start":{"line":71,"column":36},"end":{"line":71,"column":55}},"42":{"start":{"line":73,"column":6},"end":{"line":91,"column":null}},"43":{"start":{"line":74,"column":8},"end":{"line":84,"column":null}},"44":{"start":{"line":75,"column":10},"end":{"line":75,"column":null}},"45":{"start":{"line":76,"column":10},"end":{"line":76,"column":null}},"46":{"start":{"line":77,"column":10},"end":{"line":79,"column":null}},"47":{"start":{"line":77,"column":27},"end":{"line":79,"column":11}},"48":{"start":{"line":78,"column":12},"end":{"line":78,"column":null}},"49":{"start":{"line":80,"column":10},"end":{"line":80,"column":null}},"50":{"start":{"line":80,"column":26},"end":{"line":80,"column":31}},"51":{"start":{"line":81,"column":10},"end":{"line":81,"column":null}},"52":{"start":{"line":82,"column":10},"end":{"line":82,"column":null}},"53":{"start":{"line":83,"column":10},"end":{"line":83,"column":null}},"54":{"start":{"line":83,"column":27},"end":{"line":83,"column":49}},"55":{"start":{"line":86,"column":8},"end":{"line":90,"column":null}},"56":{"start":{"line":87,"column":10},"end":{"line":87,"column":null}},"57":{"start":{"line":88,"column":10},"end":{"line":88,"column":null}},"58":{"start":{"line":89,"column":10},"end":{"line":89,"column":null}},"59":{"start":{"line":95,"column":2},"end":{"line":104,"column":null}},"60":{"start":{"line":96,"column":4},"end":{"line":103,"column":null}},"61":{"start":{"line":97,"column":6},"end":{"line":102,"column":null}},"62":{"start":{"line":98,"column":8},"end":{"line":98,"column":null}},"63":{"start":{"line":99,"column":22},"end":{"line":99,"column":null}},"64":{"start":{"line":100,"column":8},"end":{"line":100,"column":null}},"65":{"start":{"line":101,"column":8},"end":{"line":101,"column":null}},"66":{"start":{"line":106,"column":20},"end":{"line":114,"column":null}},"67":{"start":{"line":107,"column":4},"end":{"line":107,"column":null}},"68":{"start":{"line":108,"column":4},"end":{"line":108,"column":null}},"69":{"start":{"line":109,"column":4},"end":{"line":109,"column":null}},"70":{"start":{"line":110,"column":4},"end":{"line":110,"column":null}},"71":{"start":{"line":111,"column":4},"end":{"line":111,"column":null}},"72":{"start":{"line":112,"column":4},"end":{"line":112,"column":null}},"73":{"start":{"line":113,"column":4},"end":{"line":113,"column":null}},"74":{"start":{"line":116,"column":19},"end":{"line":120,"column":null}},"75":{"start":{"line":117,"column":4},"end":{"line":117,"column":null}},"76":{"start":{"line":117,"column":36},"end":{"line":117,"column":null}},"77":{"start":{"line":118,"column":4},"end":{"line":118,"column":null}},"78":{"start":{"line":118,"column":36},"end":{"line":118,"column":null}},"79":{"start":{"line":119,"column":4},"end":{"line":119,"column":null}},"80":{"start":{"line":122,"column":2},"end":{"line":176,"column":null}},"81":{"start":{"line":143,"column":28},"end":{"line":143,"column":null}},"82":{"start":{"line":144,"column":10},"end":{"line":160,"column":null}},"83":{"start":{"line":148,"column":29},"end":{"line":148,"column":null}},"84":{"start":{"line":174,"column":22},"end":{"line":174,"column":null}}},"fnMap":{"0":{"name":"shuffleArray","decl":{"start":{"line":24,"column":9},"end":{"line":24,"column":22}},"loc":{"start":{"line":24,"column":27},"end":{"line":31,"column":null}},"line":24},"1":{"name":"generateCards","decl":{"start":{"line":33,"column":9},"end":{"line":33,"column":23}},"loc":{"start":{"line":33,"column":38},"end":{"line":41,"column":null}},"line":33},"2":{"name":"(anonymous_2)","decl":{"start":{"line":35,"column":47},"end":{"line":35,"column":48}},"loc":{"start":{"line":35,"column":65},"end":{"line":39,"column":4}},"line":35},"3":{"name":"AnimalPuzzle","decl":{"start":{"line":43,"column":24},"end":{"line":43,"column":39}},"loc":{"start":{"line":43,"column":39},"end":{"line":178,"column":null}},"line":43},"4":{"name":"(anonymous_4)","decl":{"start":{"line":47,"column":37},"end":{"line":47,"column":43}},"loc":{"start":{"line":47,"column":43},"end":{"line":47,"column":59}},"line":47},"5":{"name":"(anonymous_5)","decl":{"start":{"line":57,"column":38},"end":{"line":57,"column":39}},"loc":{"start":{"line":57,"column":50},"end":{"line":93,"column":5}},"line":57},"6":{"name":"(anonymous_6)","decl":{"start":{"line":59,"column":28},"end":{"line":59,"column":33}},"loc":{"start":{"line":59,"column":33},"end":{"line":59,"column":52}},"line":59},"7":{"name":"(anonymous_7)","decl":{"start":{"line":68,"column":18},"end":{"line":68,"column":23}},"loc":{"start":{"line":68,"column":23},"end":{"line":68,"column":28}},"line":68},"8":{"name":"(anonymous_8)","decl":{"start":{"line":70,"column":31},"end":{"line":70,"column":36}},"loc":{"start":{"line":70,"column":36},"end":{"line":70,"column":54}},"line":70},"9":{"name":"(anonymous_9)","decl":{"start":{"line":71,"column":31},"end":{"line":71,"column":36}},"loc":{"start":{"line":71,"column":36},"end":{"line":71,"column":55}},"line":71},"10":{"name":"(anonymous_10)","decl":{"start":{"line":74,"column":19},"end":{"line":74,"column":25}},"loc":{"start":{"line":74,"column":25},"end":{"line":84,"column":11}},"line":74},"11":{"name":"(anonymous_11)","decl":{"start":{"line":77,"column":19},"end":{"line":77,"column":27}},"loc":{"start":{"line":77,"column":27},"end":{"line":79,"column":11}},"line":77},"12":{"name":"(anonymous_12)","decl":{"start":{"line":77,"column":36},"end":{"line":77,"column":null}},"loc":{"start":{"line":78,"column":12},"end":{"line":78,"column":null}},"line":78},"13":{"name":"(anonymous_13)","decl":{"start":{"line":80,"column":21},"end":{"line":80,"column":26}},"loc":{"start":{"line":80,"column":26},"end":{"line":80,"column":31}},"line":80},"14":{"name":"(anonymous_14)","decl":{"start":{"line":83,"column":21},"end":{"line":83,"column":27}},"loc":{"start":{"line":83,"column":27},"end":{"line":83,"column":49}},"line":83},"15":{"name":"(anonymous_15)","decl":{"start":{"line":86,"column":19},"end":{"line":86,"column":25}},"loc":{"start":{"line":86,"column":25},"end":{"line":90,"column":11}},"line":86},"16":{"name":"(anonymous_16)","decl":{"start":{"line":95,"column":12},"end":{"line":95,"column":18}},"loc":{"start":{"line":95,"column":18},"end":{"line":104,"column":5}},"line":95},"17":{"name":"(anonymous_17)","decl":{"start":{"line":97,"column":17},"end":{"line":97,"column":23}},"loc":{"start":{"line":97,"column":23},"end":{"line":102,"column":9}},"line":97},"18":{"name":"(anonymous_18)","decl":{"start":{"line":106,"column":20},"end":{"line":106,"column":26}},"loc":{"start":{"line":106,"column":26},"end":{"line":114,"column":null}},"line":106},"19":{"name":"(anonymous_19)","decl":{"start":{"line":116,"column":19},"end":{"line":116,"column":25}},"loc":{"start":{"line":116,"column":25},"end":{"line":120,"column":null}},"line":116},"20":{"name":"(anonymous_20)","decl":{"start":{"line":142,"column":19},"end":{"line":142,"column":20}},"loc":{"start":{"line":142,"column":29},"end":{"line":162,"column":9}},"line":142},"21":{"name":"(anonymous_21)","decl":{"start":{"line":148,"column":23},"end":{"line":148,"column":29}},"loc":{"start":{"line":148,"column":29},"end":{"line":148,"column":null}},"line":148},"22":{"name":"(anonymous_22)","decl":{"start":{"line":174,"column":16},"end":{"line":174,"column":22}},"loc":{"start":{"line":174,"column":22},"end":{"line":174,"column":null}},"line":174}},"branchMap":{"0":{"loc":{"start":{"line":33,"column":23},"end":{"line":33,"column":38}},"type":"default-arg","locations":[{"start":{"line":33,"column":35},"end":{"line":33,"column":38}}],"line":33},"1":{"loc":{"start":{"line":58,"column":4},"end":{"line":58,"column":null}},"type":"if","locations":[{"start":{"line":58,"column":4},"end":{"line":58,"column":null}},{"start":{},"end":{}}],"line":58},"2":{"loc":{"start":{"line":60,"column":4},"end":{"line":60,"column":null}},"type":"if","locations":[{"start":{"line":60,"column":4},"end":{"line":60,"column":null}},{"start":{},"end":{}}],"line":60},"3":{"loc":{"start":{"line":60,"column":8},"end":{"line":60,"column":59}},"type":"binary-expr","locations":[{"start":{"line":60,"column":8},"end":{"line":60,"column":17}},{"start":{"line":60,"column":17},"end":{"line":60,"column":33}},{"start":{"line":60,"column":33},"end":{"line":60,"column":59}}],"line":60},"4":{"loc":{"start":{"line":66,"column":4},"end":{"line":92,"column":null}},"type":"if","locations":[{"start":{"line":66,"column":4},"end":{"line":92,"column":null}},{"start":{},"end":{}}],"line":66},"5":{"loc":{"start":{"line":73,"column":6},"end":{"line":91,"column":null}},"type":"if","locations":[{"start":{"line":73,"column":6},"end":{"line":91,"column":null}},{"start":{"line":85,"column":13},"end":{"line":91,"column":null}}],"line":73},"6":{"loc":{"start":{"line":78,"column":12},"end":{"line":78,"column":null}},"type":"cond-expr","locations":[{"start":{"line":78,"column":32},"end":{"line":78,"column":58}},{"start":{"line":78,"column":58},"end":{"line":78,"column":null}}],"line":78},"7":{"loc":{"start":{"line":96,"column":4},"end":{"line":103,"column":null}},"type":"if","locations":[{"start":{"line":96,"column":4},"end":{"line":103,"column":null}},{"start":{},"end":{}}],"line":96},"8":{"loc":{"start":{"line":99,"column":22},"end":{"line":99,"column":null}},"type":"cond-expr","locations":[{"start":{"line":99,"column":51},"end":{"line":99,"column":55}},{"start":{"line":99,"column":55},"end":{"line":99,"column":null}}],"line":99},"9":{"loc":{"start":{"line":99,"column":55},"end":{"line":99,"column":null}},"type":"cond-expr","locations":[{"start":{"line":99,"column":84},"end":{"line":99,"column":88}},{"start":{"line":99,"column":88},"end":{"line":99,"column":null}}],"line":99},"10":{"loc":{"start":{"line":117,"column":4},"end":{"line":117,"column":null}},"type":"if","locations":[{"start":{"line":117,"column":4},"end":{"line":117,"column":null}},{"start":{},"end":{}}],"line":117},"11":{"loc":{"start":{"line":118,"column":4},"end":{"line":118,"column":null}},"type":"if","locations":[{"start":{"line":118,"column":4},"end":{"line":118,"column":null}},{"start":{},"end":{}}],"line":118},"12":{"loc":{"start":{"line":143,"column":28},"end":{"line":143,"column":null}},"type":"binary-expr","locations":[{"start":{"line":143,"column":28},"end":{"line":143,"column":61}},{"start":{"line":143,"column":61},"end":{"line":143,"column":null}}],"line":143},"13":{"loc":{"start":{"line":147,"column":40},"end":{"line":147,"column":66}},"type":"cond-expr","locations":[{"start":{"line":147,"column":52},"end":{"line":147,"column":64}},{"start":{"line":147,"column":64},"end":{"line":147,"column":66}}],"line":147},"14":{"loc":{"start":{"line":147,"column":70},"end":{"line":147,"column":99}},"type":"cond-expr","locations":[{"start":{"line":147,"column":85},"end":{"line":147,"column":97}},{"start":{"line":147,"column":97},"end":{"line":147,"column":99}}],"line":147},"15":{"loc":{"start":{"line":147,"column":103},"end":{"line":147,"column":148}},"type":"cond-expr","locations":[{"start":{"line":147,"column":129},"end":{"line":147,"column":146}},{"start":{"line":147,"column":146},"end":{"line":147,"column":148}}],"line":147}},"s":{"0":2,"1":22,"2":22,"3":22,"4":242,"5":242,"6":22,"7":11,"8":11,"9":132,"10":11,"11":36,"12":36,"13":36,"14":36,"15":11,"16":36,"17":36,"18":36,"19":36,"20":36,"21":36,"22":36,"23":36,"24":17,"25":0,"26":17,"27":89,"28":17,"29":0,"30":17,"31":17,"32":17,"33":17,"34":8,"35":8,"36":8,"37":8,"38":8,"39":28,"40":8,"41":60,"42":8,"43":7,"44":7,"45":7,"46":7,"47":7,"48":84,"49":7,"50":7,"51":7,"52":7,"53":7,"54":6,"55":1,"56":0,"57":0,"58":0,"59":36,"60":36,"61":2,"62":1,"63":1,"64":1,"65":1,"66":36,"67":0,"68":0,"69":0,"70":0,"71":0,"72":0,"73":0,"74":36,"75":36,"76":36,"77":0,"78":0,"79":0,"80":36,"81":432,"82":432,"83":17,"84":0},"f":{"0":22,"1":11,"2":132,"3":36,"4":11,"5":17,"6":89,"7":8,"8":28,"9":60,"10":7,"11":7,"12":84,"13":7,"14":6,"15":0,"16":36,"17":1,"18":0,"19":36,"20":432,"21":17,"22":0},"b":{"0":[11],"1":[0,17],"2":[0,17],"3":[17,17,17],"4":[8,9],"5":[7,1],"6":[14,70],"7":[2,34],"8":[1,0],"9":[0,0],"10":[36,0],"11":[0,0],"12":[432,407],"13":[141,291],"14":[116,316],"15":[8,424]},"meta":{"lastBranch":16,"lastFunction":23,"lastStatement":85,"seen":{"s:9:20:22:Infinity":0,"f:24:9:24:22":0,"s:25:19:25:Infinity":1,"s:26:2:29:Infinity":2,"s:26:15:26:36":3,"s:27:14:27:Infinity":4,"s:28:4:28:Infinity":5,"s:30:2:30:Infinity":6,"f:33:9:33:23":1,"b:33:35:33:38":0,"s:34:19:34:Infinity":7,"s:35:16:39:Infinity":8,"f:35:47:35:48":2,"s:35:65:39:4":9,"s:40:2:40:Infinity":10,"f:43:24:43:39":3,"s:44:8:44:Infinity":11,"s:45:53:45:Infinity":12,"s:46:21:46:Infinity":13,"s:47:24:47:Infinity":14,"f:47:37:47:43":4,"s:47:43:47:59":15,"s:48:28:48:Infinity":16,"s:49:28:49:Infinity":17,"s:50:30:50:Infinity":18,"s:51:28:51:Infinity":19,"s:52:30:52:Infinity":20,"s:53:36:53:Infinity":21,"s:55:21:55:Infinity":22,"s:57:8:93:Infinity":23,"f:57:38:57:39":5,"b:58:4:58:Infinity:undefined:undefined:undefined:undefined":1,"s:58:4:58:Infinity":24,"s:58:18:58:Infinity":25,"s:59:17:59:Infinity":26,"f:59:28:59:33":6,"s:59:33:59:52":27,"b:60:4:60:Infinity:undefined:undefined:undefined:undefined":2,"s:60:4:60:Infinity":28,"b:60:8:60:17:60:17:60:33:60:33:60:59":3,"s:60:59:60:Infinity":29,"s:62:4:62:Infinity":30,"s:63:23:63:Infinity":31,"s:64:4:64:Infinity":32,"b:66:4:92:Infinity:undefined:undefined:undefined:undefined":4,"s:66:4:92:Infinity":33,"s:67:6:67:Infinity":34,"s:68:6:68:Infinity":35,"f:68:18:68:23":7,"s:68:23:68:28":36,"s:69:30:69:Infinity":37,"s:70:20:70:Infinity":38,"f:70:31:70:36":8,"s:70:36:70:54":39,"s:71:20:71:Infinity":40,"f:71:31:71:36":9,"s:71:36:71:55":41,"b:73:6:91:Infinity:85:13:91:Infinity":5,"s:73:6:91:Infinity":42,"s:74:8:84:Infinity":43,"f:74:19:74:25":10,"s:75:10:75:Infinity":44,"s:76:10:76:Infinity":45,"s:77:10:79:Infinity":46,"f:77:19:77:27":11,"s:77:27:79:11":47,"f:77:36:77:Infinity":12,"s:78:12:78:Infinity":48,"b:78:32:78:58:78:58:78:Infinity":6,"s:80:10:80:Infinity":49,"f:80:21:80:26":13,"s:80:26:80:31":50,"s:81:10:81:Infinity":51,"s:82:10:82:Infinity":52,"s:83:10:83:Infinity":53,"f:83:21:83:27":14,"s:83:27:83:49":54,"s:86:8:90:Infinity":55,"f:86:19:86:25":15,"s:87:10:87:Infinity":56,"s:88:10:88:Infinity":57,"s:89:10:89:Infinity":58,"s:95:2:104:Infinity":59,"f:95:12:95:18":16,"b:96:4:103:Infinity:undefined:undefined:undefined:undefined":7,"s:96:4:103:Infinity":60,"s:97:6:102:Infinity":61,"f:97:17:97:23":17,"s:98:8:98:Infinity":62,"s:99:22:99:Infinity":63,"b:99:51:99:55:99:55:99:Infinity":8,"b:99:84:99:88:99:88:99:Infinity":9,"s:100:8:100:Infinity":64,"s:101:8:101:Infinity":65,"s:106:20:114:Infinity":66,"f:106:20:106:26":18,"s:107:4:107:Infinity":67,"s:108:4:108:Infinity":68,"s:109:4:109:Infinity":69,"s:110:4:110:Infinity":70,"s:111:4:111:Infinity":71,"s:112:4:112:Infinity":72,"s:113:4:113:Infinity":73,"s:116:19:120:Infinity":74,"f:116:19:116:25":19,"b:117:4:117:Infinity:undefined:undefined:undefined:undefined":10,"s:117:4:117:Infinity":75,"s:117:36:117:Infinity":76,"b:118:4:118:Infinity:undefined:undefined:undefined:undefined":11,"s:118:4:118:Infinity":77,"s:118:36:118:Infinity":78,"s:119:4:119:Infinity":79,"s:122:2:176:Infinity":80,"f:142:19:142:20":20,"s:143:28:143:Infinity":81,"b:143:28:143:61:143:61:143:Infinity":12,"s:144:10:160:Infinity":82,"b:147:52:147:64:147:64:147:66":13,"b:147:85:147:97:147:97:147:99":14,"b:147:129:147:146:147:146:147:148":15,"f:148:23:148:29":21,"s:148:29:148:Infinity":83,"f:174:16:174:22":22,"s:174:22:174:Infinity":84}}}
,"/Users/poyuchen/Documents/Developer/games-kids-playground/src/games/BalloonPop/BalloonPop.jsx": {"path":"/Users/poyuchen/Documents/Developer/games-kids-playground/src/games/BalloonPop/BalloonPop.jsx","statementMap":{"0":{"start":{"line":9,"column":23},"end":{"line":12,"column":null}},"1":{"start":{"line":17,"column":20},"end":{"line":17,"column":null}},"2":{"start":{"line":18,"column":15},"end":{"line":18,"column":null}},"3":{"start":{"line":19,"column":15},"end":{"line":19,"column":null}},"4":{"start":{"line":20,"column":2},"end":{"line":27,"column":null}},"5":{"start":{"line":20,"column":15},"end":{"line":20,"column":18}},"6":{"start":{"line":21,"column":4},"end":{"line":26,"column":null}},"7":{"start":{"line":21,"column":17},"end":{"line":21,"column":20}},"8":{"start":{"line":22,"column":6},"end":{"line":25,"column":null}},"9":{"start":{"line":29,"column":2},"end":{"line":32,"column":null}},"10":{"start":{"line":29,"column":15},"end":{"line":29,"column":37}},"11":{"start":{"line":30,"column":14},"end":{"line":30,"column":null}},"12":{"start":{"line":31,"column":4},"end":{"line":31,"column":null}},"13":{"start":{"line":34,"column":19},"end":{"line":34,"column":null}},"14":{"start":{"line":35,"column":2},"end":{"line":47,"column":null}},"15":{"start":{"line":35,"column":15},"end":{"line":35,"column":18}},"16":{"start":{"line":36,"column":16},"end":{"line":36,"column":null}},"17":{"start":{"line":37,"column":4},"end":{"line":46,"column":null}},"18":{"start":{"line":48,"column":2},"end":{"line":48,"column":null}},"19":{"start":{"line":52,"column":8},"end":{"line":52,"column":null}},"20":{"start":{"line":53,"column":38},"end":{"line":53,"column":null}},"21":{"start":{"line":54,"column":21},"end":{"line":54,"column":null}},"22":{"start":{"line":55,"column":30},"end":{"line":55,"column":null}},"23":{"start":{"line":55,"column":49},"end":{"line":55,"column":68}},"24":{"start":{"line":56,"column":34},"end":{"line":56,"column":null}},"25":{"start":{"line":57,"column":28},"end":{"line":57,"column":null}},"26":{"start":{"line":58,"column":26},"end":{"line":58,"column":null}},"27":{"start":{"line":59,"column":36},"end":{"line":59,"column":null}},"28":{"start":{"line":60,"column":38},"end":{"line":60,"column":null}},"29":{"start":{"line":61,"column":24},"end":{"line":61,"column":null}},"30":{"start":{"line":63,"column":8},"end":{"line":90,"column":null}},"31":{"start":{"line":64,"column":4},"end":{"line":64,"column":null}},"32":{"start":{"line":64,"column":24},"end":{"line":64,"column":null}},"33":{"start":{"line":66,"column":4},"end":{"line":89,"column":null}},"34":{"start":{"line":68,"column":6},"end":{"line":68,"column":null}},"35":{"start":{"line":69,"column":6},"end":{"line":71,"column":null}},"36":{"start":{"line":69,"column":26},"end":{"line":71,"column":7}},"37":{"start":{"line":70,"column":8},"end":{"line":70,"column":null}},"38":{"start":{"line":72,"column":6},"end":{"line":72,"column":null}},"39":{"start":{"line":72,"column":25},"end":{"line":72,"column":30}},"40":{"start":{"line":73,"column":6},"end":{"line":73,"column":null}},"41":{"start":{"line":73,"column":26},"end":{"line":73,"column":31}},"42":{"start":{"line":75,"column":6},"end":{"line":82,"column":null}},"43":{"start":{"line":76,"column":8},"end":{"line":81,"column":null}},"44":{"start":{"line":77,"column":10},"end":{"line":77,"column":null}},"45":{"start":{"line":78,"column":24},"end":{"line":78,"column":null}},"46":{"start":{"line":79,"column":10},"end":{"line":79,"column":null}},"47":{"start":{"line":80,"column":10},"end":{"line":80,"column":null}},"48":{"start":{"line":85,"column":6},"end":{"line":85,"column":null}},"49":{"start":{"line":86,"column":6},"end":{"line":86,"column":null}},"50":{"start":{"line":86,"column":21},"end":{"line":86,"column":26}},"51":{"start":{"line":87,"column":6},"end":{"line":87,"column":null}},"52":{"start":{"line":88,"column":6},"end":{"line":88,"column":null}},"53":{"start":{"line":88,"column":23},"end":{"line":88,"column":46}},"54":{"start":{"line":92,"column":20},"end":{"line":99,"column":null}},"55":{"start":{"line":93,"column":4},"end":{"line":93,"column":null}},"56":{"start":{"line":94,"column":4},"end":{"line":94,"column":null}},"57":{"start":{"line":95,"column":4},"end":{"line":95,"column":null}},"58":{"start":{"line":96,"column":4},"end":{"line":96,"column":null}},"59":{"start":{"line":97,"column":4},"end":{"line":97,"column":null}},"60":{"start":{"line":98,"column":4},"end":{"line":98,"column":null}},"61":{"start":{"line":101,"column":19},"end":{"line":105,"column":null}},"62":{"start":{"line":102,"column":4},"end":{"line":102,"column":null}},"63":{"start":{"line":102,"column":22},"end":{"line":102,"column":null}},"64":{"start":{"line":103,"column":4},"end":{"line":103,"column":null}},"65":{"start":{"line":103,"column":21},"end":{"line":103,"column":null}},"66":{"start":{"line":104,"column":4},"end":{"line":104,"column":null}},"67":{"start":{"line":107,"column":2},"end":{"line":169,"column":null}},"68":{"start":{"line":133,"column":10},"end":{"line":158,"column":null}},"69":{"start":{"line":143,"column":27},"end":{"line":143,"column":null}},"70":{"start":{"line":167,"column":22},"end":{"line":167,"column":null}}},"fnMap":{"0":{"name":"generateBalloons","decl":{"start":{"line":15,"column":9},"end":{"line":15,"column":26}},"loc":{"start":{"line":15,"column":37},"end":{"line":49,"column":null}},"line":15},"1":{"name":"BalloonPop","decl":{"start":{"line":51,"column":24},"end":{"line":51,"column":37}},"loc":{"start":{"line":51,"column":37},"end":{"line":171,"column":null}},"line":51},"2":{"name":"(anonymous_2)","decl":{"start":{"line":55,"column":43},"end":{"line":55,"column":49}},"loc":{"start":{"line":55,"column":49},"end":{"line":55,"column":68}},"line":55},"3":{"name":"(anonymous_3)","decl":{"start":{"line":63,"column":41},"end":{"line":63,"column":42}},"loc":{"start":{"line":63,"column":54},"end":{"line":90,"column":5}},"line":63},"4":{"name":"(anonymous_4)","decl":{"start":{"line":69,"column":18},"end":{"line":69,"column":26}},"loc":{"start":{"line":69,"column":26},"end":{"line":71,"column":7}},"line":69},"5":{"name":"(anonymous_5)","decl":{"start":{"line":69,"column":35},"end":{"line":69,"column":null}},"loc":{"start":{"line":70,"column":8},"end":{"line":70,"column":null}},"line":70},"6":{"name":"(anonymous_6)","decl":{"start":{"line":72,"column":20},"end":{"line":72,"column":25}},"loc":{"start":{"line":72,"column":25},"end":{"line":72,"column":30}},"line":72},"7":{"name":"(anonymous_7)","decl":{"start":{"line":73,"column":21},"end":{"line":73,"column":26}},"loc":{"start":{"line":73,"column":26},"end":{"line":73,"column":31}},"line":73},"8":{"name":"(anonymous_8)","decl":{"start":{"line":76,"column":19},"end":{"line":76,"column":25}},"loc":{"start":{"line":76,"column":25},"end":{"line":81,"column":11}},"line":76},"9":{"name":"(anonymous_9)","decl":{"start":{"line":86,"column":16},"end":{"line":86,"column":21}},"loc":{"start":{"line":86,"column":21},"end":{"line":86,"column":26}},"line":86},"10":{"name":"(anonymous_10)","decl":{"start":{"line":88,"column":17},"end":{"line":88,"column":23}},"loc":{"start":{"line":88,"column":23},"end":{"line":88,"column":46}},"line":88},"11":{"name":"(anonymous_11)","decl":{"start":{"line":92,"column":20},"end":{"line":92,"column":26}},"loc":{"start":{"line":92,"column":26},"end":{"line":99,"column":null}},"line":92},"12":{"name":"(anonymous_12)","decl":{"start":{"line":101,"column":19},"end":{"line":101,"column":25}},"loc":{"start":{"line":101,"column":25},"end":{"line":105,"column":null}},"line":101},"13":{"name":"(anonymous_13)","decl":{"start":{"line":132,"column":22},"end":{"line":132,"column":23}},"loc":{"start":{"line":133,"column":10},"end":{"line":158,"column":null}},"line":133},"14":{"name":"(anonymous_14)","decl":{"start":{"line":143,"column":21},"end":{"line":143,"column":27}},"loc":{"start":{"line":143,"column":27},"end":{"line":143,"column":null}},"line":143},"15":{"name":"(anonymous_15)","decl":{"start":{"line":167,"column":16},"end":{"line":167,"column":22}},"loc":{"start":{"line":167,"column":22},"end":{"line":167,"column":null}},"line":167}},"branchMap":{"0":{"loc":{"start":{"line":15,"column":26},"end":{"line":15,"column":37}},"type":"default-arg","locations":[{"start":{"line":15,"column":34},"end":{"line":15,"column":37}}],"line":15},"1":{"loc":{"start":{"line":64,"column":4},"end":{"line":64,"column":null}},"type":"if","locations":[{"start":{"line":64,"column":4},"end":{"line":64,"column":null}},{"start":{},"end":{}}],"line":64},"2":{"loc":{"start":{"line":66,"column":4},"end":{"line":89,"column":null}},"type":"if","locations":[{"start":{"line":66,"column":4},"end":{"line":89,"column":null}},{"start":{"line":83,"column":11},"end":{"line":89,"column":null}}],"line":66},"3":{"loc":{"start":{"line":70,"column":8},"end":{"line":70,"column":null}},"type":"cond-expr","locations":[{"start":{"line":70,"column":30},"end":{"line":70,"column":55}},{"start":{"line":70,"column":55},"end":{"line":70,"column":null}}],"line":70},"4":{"loc":{"start":{"line":75,"column":6},"end":{"line":82,"column":null}},"type":"if","locations":[{"start":{"line":75,"column":6},"end":{"line":82,"column":null}},{"start":{},"end":{}}],"line":75},"5":{"loc":{"start":{"line":78,"column":24},"end":{"line":78,"column":null}},"type":"cond-expr","locations":[{"start":{"line":78,"column":39},"end":{"line":78,"column":43}},{"start":{"line":78,"column":43},"end":{"line":78,"column":null}}],"line":78},"6":{"loc":{"start":{"line":78,"column":43},"end":{"line":78,"column":null}},"type":"cond-expr","locations":[{"start":{"line":78,"column":57},"end":{"line":78,"column":61}},{"start":{"line":78,"column":61},"end":{"line":78,"column":null}}],"line":78},"7":{"loc":{"start":{"line":79,"column":51},"end":{"line":79,"column":91}},"type":"cond-expr","locations":[{"start":{"line":79,"column":66},"end":{"line":79,"column":75}},{"start":{"line":79,"column":75},"end":{"line":79,"column":91}}],"line":79},"8":{"loc":{"start":{"line":102,"column":4},"end":{"line":102,"column":null}},"type":"if","locations":[{"start":{"line":102,"column":4},"end":{"line":102,"column":null}},{"start":{},"end":{}}],"line":102},"9":{"loc":{"start":{"line":103,"column":4},"end":{"line":103,"column":null}},"type":"if","locations":[{"start":{"line":103,"column":4},"end":{"line":103,"column":null}},{"start":{},"end":{}}],"line":103},"10":{"loc":{"start":{"line":118,"column":25},"end":{"line":118,"column":72}},"type":"cond-expr","locations":[{"start":{"line":118,"column":54},"end":{"line":118,"column":61}},{"start":{"line":118,"column":61},"end":{"line":118,"column":72}}],"line":118},"11":{"loc":{"start":{"line":135,"column":34},"end":{"line":135,"column":64}},"type":"cond-expr","locations":[{"start":{"line":135,"column":51},"end":{"line":135,"column":62}},{"start":{"line":135,"column":62},"end":{"line":135,"column":64}}],"line":135},"12":{"loc":{"start":{"line":135,"column":68},"end":{"line":135,"column":110}},"type":"cond-expr","locations":[{"start":{"line":135,"column":98},"end":{"line":135,"column":108}},{"start":{"line":135,"column":108},"end":{"line":135,"column":110}}],"line":135},"13":{"loc":{"start":{"line":146,"column":13},"end":{"line":153,"column":null}},"type":"binary-expr","locations":[{"start":{"line":146,"column":13},"end":{"line":146,"column":null}},{"start":{"line":147,"column":14},"end":{"line":153,"column":null}}],"line":146},"14":{"loc":{"start":{"line":155,"column":13},"end":{"line":156,"column":null}},"type":"binary-expr","locations":[{"start":{"line":155,"column":13},"end":{"line":155,"column":null}},{"start":{"line":156,"column":14},"end":{"line":156,"column":null}}],"line":155},"15":{"loc":{"start":{"line":165,"column":17},"end":{"line":165,"column":null}},"type":"cond-expr","locations":[{"start":{"line":165,"column":32},"end":{"line":165,"column":54}},{"start":{"line":165,"column":54},"end":{"line":165,"column":null}}],"line":165}},"s":{"0":2,"1":12,"2":12,"3":12,"4":12,"5":12,"6":36,"7":36,"8":108,"9":12,"10":12,"11":96,"12":96,"13":12,"14":12,"15":12,"16":84,"17":84,"18":12,"19":30,"20":30,"21":30,"22":30,"23":11,"24":30,"25":30,"26":30,"27":30,"28":30,"29":30,"30":30,"31":16,"32":0,"33":16,"34":15,"35":15,"36":15,"37":105,"38":15,"39":15,"40":15,"41":15,"42":15,"43":2,"44":2,"45":2,"46":2,"47":2,"48":1,"49":1,"50":1,"51":1,"52":1,"53":0,"54":30,"55":1,"56":1,"57":1,"58":1,"59":1,"60":1,"61":30,"62":30,"63":29,"64":1,"65":1,"66":0,"67":30,"68":210,"69":16,"70":0},"f":{"0":12,"1":30,"2":11,"3":16,"4":15,"5":105,"6":15,"7":15,"8":2,"9":1,"10":0,"11":1,"12":30,"13":210,"14":16,"15":0},"b":{"0":[12],"1":[0,16],"2":[15,1],"3":[15,90],"4":[2,13],"5":[2,0],"6":[0,0],"7":[2,0],"8":[29,1],"9":[1,0],"10":[4,26],"11":[71,139],"12":[1,209],"13":[210,139],"14":[210,71],"15":[29,1]},"meta":{"lastBranch":16,"lastFunction":16,"lastStatement":71,"seen":{"s:9:23:12:Infinity":0,"f:15:9:15:26":0,"b:15:34:15:37":0,"s:17:20:17:Infinity":1,"s:18:15:18:Infinity":2,"s:19:15:19:Infinity":3,"s:20:2:27:Infinity":4,"s:20:15:20:18":5,"s:21:4:26:Infinity":6,"s:21:17:21:20":7,"s:22:6:25:Infinity":8,"s:29:2:32:Infinity":9,"s:29:15:29:37":10,"s:30:14:30:Infinity":11,"s:31:4:31:Infinity":12,"s:34:19:34:Infinity":13,"s:35:2:47:Infinity":14,"s:35:15:35:18":15,"s:36:16:36:Infinity":16,"s:37:4:46:Infinity":17,"s:48:2:48:Infinity":18,"f:51:24:51:37":1,"s:52:8:52:Infinity":19,"s:53:38:53:Infinity":20,"s:54:21:54:Infinity":21,"s:55:30:55:Infinity":22,"f:55:43:55:49":2,"s:55:49:55:68":23,"s:56:34:56:Infinity":24,"s:57:28:57:Infinity":25,"s:58:26:58:Infinity":26,"s:59:36:59:Infinity":27,"s:60:38:60:Infinity":28,"s:61:24:61:Infinity":29,"s:63:8:90:Infinity":30,"f:63:41:63:42":3,"b:64:4:64:Infinity:undefined:undefined:undefined:undefined":1,"s:64:4:64:Infinity":31,"s:64:24:64:Infinity":32,"b:66:4:89:Infinity:83:11:89:Infinity":2,"s:66:4:89:Infinity":33,"s:68:6:68:Infinity":34,"s:69:6:71:Infinity":35,"f:69:18:69:26":4,"s:69:26:71:7":36,"f:69:35:69:Infinity":5,"s:70:8:70:Infinity":37,"b:70:30:70:55:70:55:70:Infinity":3,"s:72:6:72:Infinity":38,"f:72:20:72:25":6,"s:72:25:72:30":39,"s:73:6:73:Infinity":40,"f:73:21:73:26":7,"s:73:26:73:31":41,"b:75:6:82:Infinity:undefined:undefined:undefined:undefined":4,"s:75:6:82:Infinity":42,"s:76:8:81:Infinity":43,"f:76:19:76:25":8,"s:77:10:77:Infinity":44,"s:78:24:78:Infinity":45,"b:78:39:78:43:78:43:78:Infinity":5,"b:78:57:78:61:78:61:78:Infinity":6,"s:79:10:79:Infinity":46,"b:79:66:79:75:79:75:79:91":7,"s:80:10:80:Infinity":47,"s:85:6:85:Infinity":48,"s:86:6:86:Infinity":49,"f:86:16:86:21":9,"s:86:21:86:26":50,"s:87:6:87:Infinity":51,"s:88:6:88:Infinity":52,"f:88:17:88:23":10,"s:88:23:88:46":53,"s:92:20:99:Infinity":54,"f:92:20:92:26":11,"s:93:4:93:Infinity":55,"s:94:4:94:Infinity":56,"s:95:4:95:Infinity":57,"s:96:4:96:Infinity":58,"s:97:4:97:Infinity":59,"s:98:4:98:Infinity":60,"s:101:19:105:Infinity":61,"f:101:19:101:25":12,"b:102:4:102:Infinity:undefined:undefined:undefined:undefined":8,"s:102:4:102:Infinity":62,"s:102:22:102:Infinity":63,"b:103:4:103:Infinity:undefined:undefined:undefined:undefined":9,"s:103:4:103:Infinity":64,"s:103:21:103:Infinity":65,"s:104:4:104:Infinity":66,"s:107:2:169:Infinity":67,"b:118:54:118:61:118:61:118:72":10,"f:132:22:132:23":13,"s:133:10:158:Infinity":68,"b:135:51:135:62:135:62:135:64":11,"b:135:98:135:108:135:108:135:110":12,"f:143:21:143:27":14,"s:143:27:143:Infinity":69,"b:146:13:146:Infinity:147:14:153:Infinity":13,"b:155:13:155:Infinity:156:14:156:Infinity":14,"b:165:32:165:54:165:54:165:Infinity":15,"f:167:16:167:22":15,"s:167:22:167:Infinity":70}}}
,"/Users/poyuchen/Documents/Developer/games-kids-playground/src/games/ColorMatch/ColorMatch.jsx": {"path":"/Users/poyuchen/Documents/Developer/games-kids-playground/src/games/ColorMatch/ColorMatch.jsx","statementMap":{"0":{"start":{"line":9,"column":15},"end":{"line":16,"column":null}},"1":{"start":{"line":19,"column":19},"end":{"line":19,"column":null}},"2":{"start":{"line":20,"column":2},"end":{"line":23,"column":null}},"3":{"start":{"line":20,"column":15},"end":{"line":20,"column":36}},"4":{"start":{"line":21,"column":14},"end":{"line":21,"column":null}},"5":{"start":{"line":22,"column":4},"end":{"line":22,"column":null}},"6":{"start":{"line":24,"column":2},"end":{"line":24,"column":null}},"7":{"start":{"line":28,"column":19},"end":{"line":28,"column":null}},"8":{"start":{"line":29,"column":16},"end":{"line":33,"column":null}},"9":{"start":{"line":29,"column":65},"end":{"line":33,"column":4}},"10":{"start":{"line":34,"column":2},"end":{"line":34,"column":null}},"11":{"start":{"line":38,"column":8},"end":{"line":38,"column":null}},"12":{"start":{"line":39,"column":53},"end":{"line":39,"column":null}},"13":{"start":{"line":40,"column":21},"end":{"line":40,"column":null}},"14":{"start":{"line":41,"column":24},"end":{"line":41,"column":null}},"15":{"start":{"line":41,"column":43},"end":{"line":41,"column":59}},"16":{"start":{"line":42,"column":28},"end":{"line":42,"column":null}},"17":{"start":{"line":43,"column":28},"end":{"line":43,"column":null}},"18":{"start":{"line":44,"column":30},"end":{"line":44,"column":null}},"19":{"start":{"line":45,"column":28},"end":{"line":45,"column":null}},"20":{"start":{"line":46,"column":30},"end":{"line":46,"column":null}},"21":{"start":{"line":48,"column":21},"end":{"line":48,"column":null}},"22":{"start":{"line":50,"column":8},"end":{"line":86,"column":null}},"23":{"start":{"line":51,"column":4},"end":{"line":51,"column":null}},"24":{"start":{"line":51,"column":18},"end":{"line":51,"column":null}},"25":{"start":{"line":52,"column":17},"end":{"line":52,"column":null}},"26":{"start":{"line":52,"column":33},"end":{"line":52,"column":44}},"27":{"start":{"line":53,"column":4},"end":{"line":53,"column":null}},"28":{"start":{"line":53,"column":55},"end":{"line":53,"column":null}},"29":{"start":{"line":55,"column":4},"end":{"line":55,"column":null}},"30":{"start":{"line":56,"column":23},"end":{"line":56,"column":null}},"31":{"start":{"line":57,"column":4},"end":{"line":57,"column":null}},"32":{"start":{"line":59,"column":4},"end":{"line":85,"column":null}},"33":{"start":{"line":60,"column":6},"end":{"line":60,"column":null}},"34":{"start":{"line":61,"column":6},"end":{"line":61,"column":null}},"35":{"start":{"line":61,"column":23},"end":{"line":61,"column":28}},"36":{"start":{"line":62,"column":30},"end":{"line":62,"column":null}},"37":{"start":{"line":63,"column":20},"end":{"line":63,"column":null}},"38":{"start":{"line":63,"column":36},"end":{"line":63,"column":50}},"39":{"start":{"line":64,"column":20},"end":{"line":64,"column":null}},"40":{"start":{"line":64,"column":36},"end":{"line":64,"column":51}},"41":{"start":{"line":66,"column":6},"end":{"line":84,"column":null}},"42":{"start":{"line":68,"column":8},"end":{"line":76,"column":null}},"43":{"start":{"line":69,"column":10},"end":{"line":69,"column":null}},"44":{"start":{"line":70,"column":10},"end":{"line":72,"column":null}},"45":{"start":{"line":70,"column":27},"end":{"line":72,"column":11}},"46":{"start":{"line":71,"column":12},"end":{"line":71,"column":null}},"47":{"start":{"line":73,"column":10},"end":{"line":73,"column":null}},"48":{"start":{"line":73,"column":26},"end":{"line":73,"column":31}},"49":{"start":{"line":74,"column":10},"end":{"line":74,"column":null}},"50":{"start":{"line":75,"column":10},"end":{"line":75,"column":null}},"51":{"start":{"line":79,"column":8},"end":{"line":83,"column":null}},"52":{"start":{"line":80,"column":10},"end":{"line":80,"column":null}},"53":{"start":{"line":81,"column":10},"end":{"line":81,"column":null}},"54":{"start":{"line":82,"column":10},"end":{"line":82,"column":null}},"55":{"start":{"line":88,"column":2},"end":{"line":97,"column":null}},"56":{"start":{"line":89,"column":4},"end":{"line":96,"column":null}},"57":{"start":{"line":90,"column":6},"end":{"line":95,"column":null}},"58":{"start":{"line":91,"column":8},"end":{"line":91,"column":null}},"59":{"start":{"line":92,"column":22},"end":{"line":92,"column":null}},"60":{"start":{"line":93,"column":8},"end":{"line":93,"column":null}},"61":{"start":{"line":94,"column":8},"end":{"line":94,"column":null}},"62":{"start":{"line":99,"column":20},"end":{"line":106,"column":null}},"63":{"start":{"line":100,"column":4},"end":{"line":100,"column":null}},"64":{"start":{"line":101,"column":4},"end":{"line":101,"column":null}},"65":{"start":{"line":102,"column":4},"end":{"line":102,"column":null}},"66":{"start":{"line":103,"column":4},"end":{"line":103,"column":null}},"67":{"start":{"line":104,"column":4},"end":{"line":104,"column":null}},"68":{"start":{"line":105,"column":4},"end":{"line":105,"column":null}},"69":{"start":{"line":108,"column":19},"end":{"line":112,"column":null}},"70":{"start":{"line":109,"column":4},"end":{"line":109,"column":null}},"71":{"start":{"line":109,"column":36},"end":{"line":109,"column":null}},"72":{"start":{"line":110,"column":4},"end":{"line":110,"column":null}},"73":{"start":{"line":110,"column":36},"end":{"line":110,"column":null}},"74":{"start":{"line":111,"column":4},"end":{"line":111,"column":null}},"75":{"start":{"line":114,"column":2},"end":{"line":165,"column":null}},"76":{"start":{"line":133,"column":28},"end":{"line":133,"column":null}},"77":{"start":{"line":134,"column":10},"end":{"line":153,"column":null}},"78":{"start":{"line":138,"column":29},"end":{"line":138,"column":null}},"79":{"start":{"line":163,"column":22},"end":{"line":163,"column":null}}},"fnMap":{"0":{"name":"shuffleArray","decl":{"start":{"line":18,"column":9},"end":{"line":18,"column":22}},"loc":{"start":{"line":18,"column":27},"end":{"line":25,"column":null}},"line":18},"1":{"name":"generateCards","decl":{"start":{"line":27,"column":9},"end":{"line":27,"column":23}},"loc":{"start":{"line":27,"column":38},"end":{"line":35,"column":null}},"line":27},"2":{"name":"(anonymous_2)","decl":{"start":{"line":29,"column":47},"end":{"line":29,"column":48}},"loc":{"start":{"line":29,"column":65},"end":{"line":33,"column":4}},"line":29},"3":{"name":"ColorMatch","decl":{"start":{"line":
[...]
n":18},"end":{"line":45,"column":null}},"28":{"start":{"line":46,"column":4},"end":{"line":48,"column":null}},"29":{"start":{"line":47,"column":6},"end":{"line":47,"column":null}},"30":{"start":{"line":47,"column":23},"end":{"line":47,"column":56}},"31":{"start":{"line":51,"column":17},"end":{"line":53,"column":null}},"32":{"start":{"line":52,"column":4},"end":{"line":52,"column":null}},"33":{"start":{"line":55,"column":2},"end":{"line":55,"column":null}}},"fnMap":{"0":{"name":"useSound","decl":{"start":{"line":7,"column":16},"end":{"line":7,"column":24}},"loc":{"start":{"line":7,"column":27},"end":{"line":56,"column":null}},"line":7},"1":{"name":"(anonymous_1)","decl":{"start":{"line":12,"column":31},"end":{"line":12,"column":32}},"loc":{"start":{"line":12,"column":92},"end":{"line":28,"column":3}},"line":12},"2":{"name":"(anonymous_2)","decl":{"start":{"line":30,"column":34},"end":{"line":30,"column":35}},"loc":{"start":{"line":30,"column":40},"end":{"line":34,"column":3}},"line":30},"3":{"name":"(anonymous_3)","decl":{"start":{"line":32,"column":15},"end":{"line":32,"column":16}},"loc":{"start":{"line":32,"column":21},"end":{"line":32,"column":39}},"line":32},"4":{"name":"(anonymous_4)","decl":{"start":{"line":33,"column":15},"end":{"line":33,"column":16}},"loc":{"start":{"line":33,"column":21},"end":{"line":33,"column":39}},"line":33},"5":{"name":"(anonymous_5)","decl":{"start":{"line":36,"column":32},"end":{"line":36,"column":33}},"loc":{"start":{"line":36,"column":38},"end":{"line":38,"column":3}},"line":36},"6":{"name":"(anonymous_6)","decl":{"start":{"line":40,"column":32},"end":{"line":40,"column":33}},"loc":{"start":{"line":40,"column":38},"end":{"line":42,"column":3}},"line":40},"7":{"name":"(anonymous_7)","decl":{"start":{"line":44,"column":30},"end":{"line":44,"column":31}},"loc":{"start":{"line":44,"column":36},"end":{"line":49,"column":3}},"line":44},"8":{"name":"(anonymous_8)","decl":{"start":{"line":46,"column":18},"end":{"line":46,"column":19}},"loc":{"start":{"line":46,"column":31},"end":{"line":48,"column":5}},"line":46},"9":{"name":"(anonymous_9)","decl":{"start":{"line":47,"column":17},"end":{"line":47,"column":18}},"loc":{"start":{"line":47,"column":23},"end":{"line":47,"column":56}},"line":47},"10":{"name":"(anonymous_10)","decl":{"start":{"line":51,"column":30},"end":{"line":51,"column":31}},"loc":{"start":{"line":51,"column":36},"end":{"line":53,"column":3}},"line":51}},"branchMap":{"0":{"loc":{"start":{"line":8,"column":19},"end":{"line":10,"column":null}},"type":"cond-expr","locations":[{"start":{"line":9,"column":6},"end":{"line":9,"column":62}},{"start":{"line":10,"column":6},"end":{"line":10,"column":null}}],"line":8},"1":{"loc":{"start":{"line":9,"column":11},"end":{"line":9,"column":59}},"type":"binary-expr","locations":[{"start":{"line":9,"column":11},"end":{"line":9,"column":30}},{"start":{"line":9,"column":34},"end":{"line":9,"column":59}}],"line":9},"2":{"loc":{"start":{"line":12,"column":43},"end":{"line":12,"column":58}},"type":"default-arg","locations":[{"start":{"line":12,"column":54},"end":{"line":12,"column":58}}],"line":12},"3":{"loc":{"start":{"line":12,"column":60},"end":{"line":12,"column":73}},"type":"default-arg","locations":[{"start":{"line":12,"column":67},"end":{"line":12,"column":73}}],"line":12},"4":{"loc":{"start":{"line":12,"column":75},"end":{"line":12,"column":87}},"type":"default-arg","locations":[{"start":{"line":12,"column":84},"end":{"line":12,"column":87}}],"line":12},"5":{"loc":{"start":{"line":13,"column":4},"end":{"line":13,"column":null}},"type":"if","locations":[{"start":{"line":13,"column":4},"end":{"line":13,"column":null}},{"start":{},"end":{}}],"line":13},"6":{"loc":{"start":{"line":15,"column":4},"end":{"line":17,"column":null}},"type":"if","locations":[{"start":{"line":15,"column":4},"end":{"line":17,"column":null}},{"start":{},"end":{}}],"line":15}},"s":{"0":18,"1":18,"2":5,"3":0,"4":5,"5":0,"6":5,"7":5,"8":5,"9":5,"10":5,"11":5,"12":5,"13":5,"14":5,"15":5,"16":18,"17":1,"18":1,"19":0,"20":1,"21":0,"22":18,"23":1,"24":18,"25":1,"26":18,"27":1,"28":1,"29":8,"30":1,"31":18,"32":1,"33":18},"f":{"0":18,"1":5,"2":1,"3":0,"4":0,"5":1,"6":1,"7":1,"8":8,"9":1,"10":1},"b":{"0":[18,0],"1":[18,0],"2":[5],"3":[5],"4":[5],"5":[0,5],"6":[0,5]},"meta":{"lastBranch":7,"lastFunction":11,"lastStatement":34,"seen":{"f:7:16:7:24":0,"s:8:19:10:Infinity":0,"b:9:6:9:62:10:6:10:Infinity":0,"b:9:11:9:30:9:34:9:59":1,"s:12:18:28:Infinity":1,"f:12:31:12:32":1,"b:12:54:12:58":2,"b:12:67:12:73":3,"b:12:84:12:87":4,"b:13:4:13:Infinity:undefined:undefined:undefined:undefined":5,"s:13:4:13:Infinity":2,"s:13:19:13:Infinity":3,"b:15:4:17:Infinity:undefined:undefined:undefined:undefined":6,"s:15:4:17:Infinity":4,"s:16:6:16:Infinity":5,"s:18:16:18:Infinity":6,"s:19:17:19:Infinity":7,"s:20:4:20:Infinity":8,"s:21:4:21:Infinity":9,"s:22:4:22:Infinity":10,"s:23:4:23:Infinity":11,"s:24:4:24:Infinity":12,"s:25:4:25:Infinity":13,"s:26:4:26:Infinity":14,"s:27:4:27:Infinity":15,"s:30:21:34:Infinity":16,"f:30:34:30:35":2,"s:31:4:31:22":17,"s:32:4:32:45":18,"f:32:15:32:16":3,"s:32:21:32:39":19,"s:33:4:33:45":20,"f:33:15:33:16":4,"s:33:21:33:39":21,"s:36:19:38:Infinity":22,"f:36:32:36:33":5,"s:37:4:37:Infinity":23,"s:40:19:42:Infinity":24,"f:40:32:40:33":6,"s:41:4:41:Infinity":25,"s:44:17:49:Infinity":26,"f:44:30:44:31":7,"s:45:18:45:Infinity":27,"s:46:4:48:Infinity":28,"f:46:18:46:19":8,"s:47:6:47:Infinity":29,"f:47:17:47:18":9,"s:47:23:47:56":30,"s:51:17:53:Infinity":31,"f:51:30:51:31":10,"s:52:4:52:Infinity":32,"s:55:2:55:Infinity":33}}}
,"/Users/poyuchen/Documents/Developer/games-kids-playground/src/pages/About/About.jsx": {"path":"/Users/poyuchen/Documents/Developer/games-kids-playground/src/pages/About/About.jsx","statementMap":{"0":{"start":{"line":6,"column":17},"end":{"line":37,"column":null}},"1":{"start":{"line":39,"column":18},"end":{"line":46,"column":null}},"2":{"start":{"line":49,"column":8},"end":{"line":49,"column":null}},"3":{"start":{"line":50,"column":20},"end":{"line":50,"column":null}},"4":{"start":{"line":52,"column":2},"end":{"line":147,"column":null}},"5":{"start":{"line":73,"column":12},"end":{"line":77,"column":null}},"6":{"start":{"line":87,"column":12},"end":{"line":96,"column":null}},"7":{"start":{"line":137,"column":60},"end":{"line":137,"column":73}},"8":{"start":{"line":137,"column":73},"end":{"line":137,"column":87}}},"fnMap":{"0":{"name":"About","decl":{"start":{"line":48,"column":24},"end":{"line":48,"column":32}},"loc":{"start":{"line":48,"column":32},"end":{"line":149,"column":null}},"line":48},"1":{"name":"(anonymous_1)","decl":{"start":{"line":72,"column":24},"end":{"line":72,"column":25}},"loc":{"start":{"line":73,"column":12},"end":{"line":77,"column":null}},"line":73},"2":{"name":"(anonymous_2)","decl":{"start":{"line":86,"column":25},"end":{"line":86,"column":26}},"loc":{"start":{"line":87,"column":12},"end":{"line":96,"column":null}},"line":87},"3":{"name":"(anonymous_3)","decl":{"start":{"line":137,"column":52},"end":{"line":137,"column":58}},"loc":{"start":{"line":137,"column":58},"end":{"line":137,"column":90}},"line":137}},"branchMap":{},"s":{"0":2,"1":2,"2":15,"3":15,"4":15,"5":90,"6":90,"7":1,"8":1},"f":{"0":15,"1":90,"2":90,"3":1},"b":{},"meta":{"lastBranch":0,"lastFunction":4,"lastStatement":9,"seen":{"s:6:17:37:Infinity":0,"s:39:18:46:Infinity":1,"f:48:24:48:32":0,"s:49:8:49:Infinity":2,"s:50:20:50:Infinity":3,"s:52:2:147:Infinity":4,"f:72:24:72:25":1,"s:73:12:77:Infinity":5,"f:86:25:86:26":2,"s:87:12:96:Infinity":6,"f:137:52:137:58":3,"s:137:60:137:73":7,"s:137:73:137:87":8}}}
,"/Users/poyuchen/Documents/Developer/games-kids-playground/src/pages/History/History.jsx": {"path":"/Users/poyuchen/Documents/Developer/games-kids-playground/src/pages/History/History.jsx","statementMap":{"0":{"start":{"line":8,"column":12},"end":{"line":8,"column":null}},"1":{"start":{"line":9,"column":16},"end":{"line":9,"column":null}},"2":{"start":{"line":10,"column":14},"end":{"line":10,"column":null}},"3":{"start":{"line":11,"column":15},"end":{"line":11,"column":null}},"4":{"start":{"line":12,"column":14},"end":{"line":12,"column":null}},"5":{"start":{"line":13,"column":2},"end":{"line":13,"column":null}},"6":{"start":{"line":17,"column":2},"end":{"line":17,"column":null}},"7":{"start":{"line":21,"column":8},"end":{"line":21,"column":null}},"8":{"start":{"line":22,"column":20},"end":{"line":22,"column":null}},"9":{"start":{"line":23,"column":34},"end":{"line":23,"column":null}},"10":{"start":{"line":25,"column":22},"end":{"line":30,"column":null}},"11":{"start":{"line":26,"column":4},"end":{"line":29,"column":null}},"12":{"start":{"line":27,"column":6},"end":{"line":27,"column":null}},"13":{"start":{"line":28,"column":6},"end":{"line":28,"column":null}},"14":{"start":{"line":32,"column":2},"end":{"line":116,"column":null}},"15":{"start":{"line":65,"column":29},"end":{"line":65,"column":null}},"16":{"start":{"line":66,"column":12},"end":{"line":75,"column":null}},"17":{"start":{"line":87,"column":67},"end":{"line":87,"column":80}},"18":{"start":{"line":87,"column":80},"end":{"line":87,"column":94}},"19":{"start":{"line":94,"column":14},"end":{"line":105,"column":null}}},"fnMap":{"0":{"name":"formatDate","decl":{"start":{"line":7,"column":9},"end":{"line":7,"column":20}},"loc":{"start":{"line":7,"column":29},"end":{"line":14,"column":null}},"line":7},"1":{"name":"getStarsDisplay","decl":{"start":{"line":16,"column":9},"end":{"line":16,"column":25}},"loc":{"start":{"line":16,"column":32},"end":{"line":18,"column":null}},"line":16},"2":{"name":"History","decl":{"start":{"line":20,"column":24},"end":{"line":20,"column":34}},"loc":{"start":{"line":20,"column":34},"end":{"line":118,"column":null}},"line":20},"3":{"name":"(anonymous_3)","decl":{"start":{"line":25,"column":22},"end":{"line":25,"column":28}},"loc":{"start":{"line":25,"column":28},"end":{"line":30,"column":null}},"line":25},"4":{"name":"(anonymous_4)","decl":{"start":{"line":64,"column":44},"end":{"line":64,"column":45}},"loc":{"start":{"line":64,"column":60},"end":{"line":77,"column":11}},"line":64},"5":{"name":"(anonymous_5)","decl":{"start":{"line":87,"column":59},"end":{"line":87,"column":65}},"loc":{"start":{"line":87,"column":65},"end":{"line":87,"column":97}},"line":87},"6":{"name":"(anonymous_6)","decl":{"start":{"line":93,"column":47},"end":{"line":93,"column":48}},"loc":{"start":{"line":94,"column":14},"end":{"line":105,"column":null}},"line":94}},"branchMap":{"0":{"loc":{"start":{"line":26,"column":4},"end":{"line":29,"column":null}},"type":"if","locations":[{"start":{"line":26,"column":4},"end":{"line":29,"column":null}},{"start":{},"end":{}}],"line":26},"1":{"loc":{"start":{"line":67,"column":64},"end":{"line":67,"column":96}},"type":"cond-expr","locations":[{"start":{"line":67,"column":75},"end":{"line":67,"column":88}},{"start":{"line":67,"column":88},"end":{"line":67,"column":96}}],"line":67},"2":{"loc":{"start":{"line":69,"column":19},"end":{"line":69,"column":null}},"type":"cond-expr","locations":[{"start":{"line":69,"column":30},"end":{"line":69,"column":42}},{"start":{"line":69,"column":42},"end":{"line":69,"column":null}}],"line":69},"3":{"loc":{"start":{"line":84,"column":9},"end":{"line":107,"column":null}},"type":"cond-expr","locations":[{"start":{"line":85,"column":10},"end":{"line":90,"column":null}},{"start":{"line":92,"column":10},"end":{"line":107,"column":null}}],"line":84},"4":{"loc":{"start":{"line":101,"column":19},"end":{"line":102,"column":null}},"type":"binary-expr","locations":[{"start":{"line":101,"column":19},"end":{"line":101,"column":null}},{"start":{"line":102,"column":20},"end":{"line":102,"column":null}}],"line":101}},"s":{"0":28,"1":28,"2":28,"3":28,"4":28,"5":28,"6":28,"7":17,"8":17,"9":17,"10":17,"11":2,"12":1,"13":1,"14":17,"15":85,"16":85,"17":1,"18":1,"19":28},"f":{"0":28,"1":28,"2":17,"3":2,"4":85,"5":1,"6":28},"b":{"0":[1,1],"1":[32,53],"2":[32,53],"3":[3,14],"4":[28,28]},"meta":{"lastBranch":5,"lastFunction":7,"lastStatement":20,"seen":{"f:7:9:7:20":0,"s:8:12:8:Infinity":0,"s:9:16:9:Infinity":1,"s:10:14:10:Infinity":2,"s:11:15:11:Infinity":3,"s:12:14:12:Infinity":4,"s:13:2:13:Infinity":5,"f:16:9:16:25":1,"s:17:2:17:Infinity":6,"f:20:24:20:34":2,"s:21:8:21:Infinity":7,"s:22:20:22:Infinity":8,"s:23:34:23:Infinity":9,"s:25:22:30:Infinity":10,"f:25:22:25:28":3,"b:26:4:29:Infinity:undefined:undefined:undefined:undefined":0,"s:26:4:29:Infinity":11,"s:27:6:27:Infinity":12,"s:28:6:28:Infinity":13,"s:32:2:116:Infinity":14,"f:64:44:64:45":4,"s:65:29:65:Infinity":15,"s:66:12:75:Infinity":16,"b:67:75:67:88:67:88:67:96":1,"b:69:30:69:42:69:42:69:Infinity":2,"b:85:10:90:Infinity:92:10:107:Infinity":3,"f:87:59:87:65":5,"s:87:67:87:80":17,"s:87:80:87:94":18,"f:93:47:93:48":6,"s:94:14:105:Infinity":19,"b:101:19:101:Infinity:102:20:102:Infinity":4}}}
,"/Users/poyuchen/Documents/Developer/games-kids-playground/src/pages/Home/Home.jsx": {"path":"/Users/poyuchen/Documents/Developer/games-kids-playground/src/pages/Home/Home.jsx","statementMap":{"0":{"start":{"line":7,"column":14},"end":{"line":74,"column":null}},"1":{"start":{"line":77,"column":20},"end":{"line":77,"column":null}},"2":{"start":{"line":80,"column":8},"end":{"line":80,"column":null}},"3":{"start":{"line":81,"column":20},"end":{"line":81,"column":null}},"4":{"start":{"line":82,"column":19},"end":{"line":82,"column":null}},"5":{"start":{"line":83,"column":26},"end":{"line":83,"column":null}},"6":{"start":{"line":85,"column":2},"end":{"line":87,"column":null}},"7":{"start":{"line":86,"column":4},"end":{"line":86,"column":null}},"8":{"start":{"line":89,"column":26},"end":{"line":92,"column":null}},"9":{"start":{"line":90,"column":4},"end":{"line":90,"column":null}},"10":{"start":{"line":91,"column":4},"end":{"line":91,"column":null}},"11":{"start":{"line":94,"column":2},"end":{"line":226,"column":null}},"12":{"start":{"line":99,"column":10},"end":{"line":111,"column":null}},"13":{"start":{"line":139,"column":60},"end":{"line":139,"column":null}},"14":{"start":{"line":144,"column":60},"end":{"line":144,"column":null}},"15":{"start":{"line":149,"column":60},"end":{"line":149,"column":null}},"16":{"start":{"line":160,"column":29},"end":{"line":160,"column":50}},"17":{"start":{"line":161,"column":12},"end":{"line":178,"column":null}},"18":{"start":{"line":168,"column":29},"end":{"line":168,"column":null}},"19":{"start":{"line":187,"column":29},"end":{"line":187,"column":51}},"20":{"start":{"line":188,"column":12},"end":{"line":205,"column":null}},"21":{"start":{"line":195,"column":29},"end":{"line":195,"column":null}},"22":{"start":{"line":212,"column":58},"end":{"line":212,"column":87}},"23":{"start":{"line":215,"column":58},"end":{"line":215,"column":85}}},"fnMap":{"0":{"name":"Home","decl":{"start":{"line":79,"column":24},"end":{"line":79,"column":31}},"loc":{"start":{"line":79,"column":31},"end":{"line":228,"column":null}},"line":79},"1":{"name":"(anonymous_1)","decl":{"start":{"line":85,"column":12},"end":{"line":85,"column":18}},"loc":{"start":{"line":85,"column":18},"end":{"line":87,"column":5}},"line":85},"2":{"name":"(anonymous_2)","decl":{"start":{"line":89,"column":26},"end":{"line":89,"column":27}},"loc":{"start":{"line":89,"column":36},"end":{"line":92,"column":null}},"line":89},"3":{"name":"(anonymous_3)","decl":{"start":{"line":98,"column":25},"end":{"line":98,"column":26}},"loc":{"start":{"line":99,"column":10},"end":{"line":111,"column":null}},"line":99},"4":{"name":"(anonymous_4)","decl":{"start":{"line":139,"column":54},"end":{"line":139,"column":60}},"loc":{"start":{"line":139,"column":60},"end":{"line":139,"column":null}},"line":139},"5":{"name":"(anonymous_5)","decl":{"start":{"line":144,"column":54},"end":{"line":144,"column":60}},"loc":{"start":{"line":144,"column":60},"end":{"line":144,"column":null}},"line":144},"6":{"name":"(anonymous_6)","decl":{"start":{"line":149,"column":54},"end":{"line":149,"column":60}},"loc":{"start":{"line":149,"column":60},"end":{"line":149,"column":null}},"line":149},"7":{"name":"(anonymous_7)","decl":{"start":{"line":160,"column":24},"end":{"line":160,"column":29}},"loc":{"start":{"line":160,"column":29},"end":{"line":160,"column":50}},"line":160},"8":{"name":"(anonymous_8)","decl":{"start":{"line":160,"column":56},"end":{"line":160,"column":57}},"loc":{"start":{"line":161,"column":12},"end":{"line":178,"column":null}},"line":161},"9":{"name":"(anonymous_9)","decl":{"start":{"line":168,"column":23},"end":{"line":168,"column":29}},"loc":{"start":{"line":168,"column":29},"end":{"line":168,"column":null}},"line":168},"10":{"name":"(anonymous_10)","decl":{"start":{"line":187,"column":24},"end":{"line":187,"column":29}},"loc":{"start":{"line":187,"column":29},"end":{"line":187,"column":51}},"line":187},"11":{"name":"(anonymous_11)","decl":{"start":{"line":187,"column":57},"end":{"line":187,"column":58}},"loc":{"start":{"line":188,"column":12},"end":{"line":205,"column":null}},"line":188},"12":{"name":"(anonymous_12)","decl":{"start":{"line":195,"column":23},"end":{"line":195,"column":29}},"loc":{"start":{"line":195,"column":29},"end":{"line":195,"column":null}},"line":195},"13":{"name":"(anonymous_13)","decl":{"start":{"line":212,"column":52},"end":{"line":212,"column":58}},"loc":{"start":{"line":212,"column":58},"end":{"line":212,"column":87}},"line":212},"14":{"name":"(anonymous_14)","decl":{"start":{"line":215,"column":52},"end":{"line":215,"column":58}},"loc":{"start":{"line":215,"column":58},"end":{"line":215,"column":85}},"line":215}},"branchMap":{"0":{"loc":{"start":{"line":123,"column":41},"end":{"line":123,"column":63}},"type":"cond-expr","locations":[{"start":{"line":123,"column":50},"end":{"line":123,"column":61}},{"start":{"line":123,"column":61},"end":{"line":123,"column":63}}],"line":123},"1":{"loc":{"start":{"line":138,"column":40},"end":{"line":138,"column":62}},"type":"cond-expr","locations":[{"start":{"line":138,"column":49},"end":{"line":138,"column":60}},{"start":{"line":138,"column":60},"end":{"line":138,"column":62}}],"line":138},"2":{"loc":{"start":{"line":163,"column":38},"end":{"line":163,"column":60}},"type":"cond-expr","locations":[{"start":{"line":163,"column":47},"end":{"line":163,"column":58}},{"start":{"line":163,"column":58},"end":{"line":163,"column":60}}],"line":163},"3":{"loc":{"start":{"line":190,"column":55},"end":{"line":190,"column":77}},"type":"cond-expr","locations":[{"start":{"line":190,"column":64},"end":{"line":190,"column":75}},{"start":{"line":190,"column":75},"end":{"line":190,"column":77}}],"line":190}},"s":{"0":2,"1":2,"2":34,"3":34,"4":34,"5":34,"6":34,"7":17,"8":34,"9":5,"10":5,"11":34,"12":272,"13":1,"14":0,"15":0,"16":204,"17":136,"18":1,"19":204,"20":68,"21":1,"22":1,"23":1},"f":{"0":34,"1":17,"2":5,"3":272,"4":1,"5":0,"6":0,"7":204,"8":136,"9":1,"10":204,"11":68,"12":1,"13":1,"14":1},"b":{"0":[17,17],"1":[17,17],"2":[68,68],"3":[34,34]},"meta":{"lastBranch":4,"lastFunction":15,"lastStatement":24,"seen":{"s:7:14:74:Infinity":0,"s:77:20:77:Infinity":1,"f:79:24:79:31":0,"s:80:8:80:Infinity":2,"s:81:20:81:Infinity":3,"s:82:19:82:Infinity":4,"s:83:26:83:Infinity":5,"s:85:2:87:Infinity":6,"f:85:12:85:18":1,"s:86:4:86:Infinity":7,"s:89:26:92:Infinity":8,"f:89:26:89:27":2,"s:90:4:90:Infinity":9,"s:91:4:91:Infinity":10,"s:94:2:226:Infinity":11,"f:98:25:98:26":3,"s:99:10:111:Infinity":12,"b:123:50:123:61:123:61:123:63":0,"b:138:49:138:60:138:60:138:62":1,"f:139:54:139:60":4,"s:139:60:139:Infinity":13,"f:144:54:144:60":5,"s:144:60:144:Infinity":14,"f:149:54:149:60":6,"s:149:60:149:Infinity":15,"f:160:24:160:29":7,"s:160:29:160:50":16,"f:160:56:160:57":8,"s:161:12:178:Infinity":17,"b:163:47:163:58:163:58:163:60":2,"f:168:23:168:29":9,"s:168:29:168:Infinity":18,"f:187:24:187:29":10,"s:187:29:187:51":19,"f:187:57:187:58":11,"s:188:12:205:Infinity":20,"b:190:64:190:75:190:75:190:77":3,"f:195:23:195:29":12,"s:195:29:195:Infinity":21,"f:212:52:212:58":13,"s:212:58:212:87":22,"f:215:52:215:58":14,"s:215:58:215:85":23}}}
}
